{"/home/travis/build/npmtest/node-npmtest-angular-mocks/test.js":{"path":"/home/travis/build/npmtest/node-npmtest-angular-mocks/test.js","s":{"1":2,"2":2,"3":2,"4":2,"5":2,"6":2,"7":2,"8":1,"9":2,"10":2,"11":1,"12":1,"13":1,"14":1,"15":2,"16":2,"17":2,"18":2,"19":1,"20":1,"21":2,"22":2,"23":2,"24":1,"25":1,"26":1,"27":1,"28":1,"29":1,"30":1,"31":1,"32":1,"33":1,"34":1,"35":1,"36":1,"37":1,"38":1,"39":2,"40":2,"41":1,"42":2,"43":2,"44":1,"45":2,"46":2,"47":1,"48":2,"49":2,"50":1,"51":1,"52":1,"53":1,"54":1},"b":{"1":[2,1,1,1],"2":[1,1,1,1],"3":[1,1],"4":[1,1],"5":[1,1],"6":[1,1],"7":[1,1],"8":[1,1],"9":[1,1],"10":[1,1,1],"11":[1,1],"12":[1,1],"13":[1,1],"14":[1,1],"15":[1,1],"16":[1,1],"17":[1,1]},"f":{"1":2,"2":2,"3":2,"4":2,"5":2,"6":1,"7":1,"8":1,"9":2,"10":2,"11":2,"12":2,"13":1},"fnMap":{"1":{"name":"(anonymous_1)","line":12,"loc":{"start":{"line":12,"column":1},"end":{"line":12,"column":13}}},"2":{"name":"(anonymous_2)","line":19,"loc":{"start":{"line":19,"column":5},"end":{"line":19,"column":17}}},"3":{"name":"(anonymous_3)","line":23,"loc":{"start":{"line":23,"column":24},"end":{"line":23,"column":36}}},"4":{"name":"(anonymous_4)","line":61,"loc":{"start":{"line":61,"column":5},"end":{"line":61,"column":17}}},"5":{"name":"(anonymous_5)","line":82,"loc":{"start":{"line":82,"column":5},"end":{"line":82,"column":17}}},"6":{"name":"(anonymous_6)","line":91,"loc":{"start":{"line":91,"column":77},"end":{"line":94,"column":10}}},"7":{"name":"(anonymous_7)","line":112,"loc":{"start":{"line":112,"column":83},"end":{"line":115,"column":10}},"skip":true},"8":{"name":"(anonymous_8)","line":123,"loc":{"start":{"line":123,"column":77},"end":{"line":126,"column":10}},"skip":true},"9":{"name":"(anonymous_9)","line":139,"loc":{"start":{"line":139,"column":12},"end":{"line":139,"column":40}},"skip":true},"10":{"name":"(anonymous_10)","line":147,"loc":{"start":{"line":147,"column":77},"end":{"line":150,"column":10}},"skip":true},"11":{"name":"(anonymous_11)","line":158,"loc":{"start":{"line":158,"column":83},"end":{"line":161,"column":10}},"skip":true},"12":{"name":"(anonymous_12)","line":169,"loc":{"start":{"line":169,"column":79},"end":{"line":172,"column":10}},"skip":true},"13":{"name":"(anonymous_13)","line":180,"loc":{"start":{"line":180,"column":75},"end":{"line":183,"column":10}},"skip":true}},"statementMap":{"1":{"start":{"line":12,"column":0},"end":{"line":195,"column":5}},"2":{"start":{"line":14,"column":4},"end":{"line":14,"column":14}},"3":{"start":{"line":19,"column":4},"end":{"line":56,"column":9}},"4":{"start":{"line":21,"column":8},"end":{"line":21,"column":19}},"5":{"start":{"line":23,"column":8},"end":{"line":35,"column":13}},"6":{"start":{"line":24,"column":12},"end":{"line":34,"column":13}},"7":{"start":{"line":25,"column":16},"end":{"line":28,"column":30}},"8":{"start":{"line":30,"column":16},"end":{"line":33,"column":27}},"9":{"start":{"line":37,"column":8},"end":{"line":39,"column":21}},"10":{"start":{"line":40,"column":8},"end":{"line":53,"column":9}},"11":{"start":{"line":43,"column":12},"end":{"line":46,"column":14}},"12":{"start":{"line":47,"column":12},"end":{"line":47,"column":18}},"13":{"start":{"line":50,"column":12},"end":{"line":51,"column":46}},"14":{"start":{"line":52,"column":12},"end":{"line":52,"column":18}},"15":{"start":{"line":55,"column":8},"end":{"line":55,"column":35}},"16":{"start":{"line":61,"column":4},"end":{"line":63,"column":9}},"17":{"start":{"line":62,"column":8},"end":{"line":62,"column":15}},"18":{"start":{"line":64,"column":4},"end":{"line":77,"column":5}},"19":{"start":{"line":70,"column":8},"end":{"line":70,"column":14}},"20":{"start":{"line":76,"column":8},"end":{"line":76,"column":14}},"21":{"start":{"line":82,"column":4},"end":{"line":84,"column":9}},"22":{"start":{"line":83,"column":8},"end":{"line":83,"column":15}},"23":{"start":{"line":85,"column":4},"end":{"line":194,"column":5}},"24":{"start":{"line":91,"column":8},"end":{"line":99,"column":10}},"25":{"start":{"line":98,"column":12},"end":{"line":98,"column":35}},"26":{"start":{"line":102,"column":8},"end":{"line":104,"column":63}},"27":{"start":{"line":105,"column":8},"end":{"line":105,"column":14}},"28":{"start":{"line":112,"column":8},"end":{"line":121,"column":10},"skip":true},"29":{"start":{"line":119,"column":12},"end":{"line":119,"column":55},"skip":true},"30":{"start":{"line":120,"column":12},"end":{"line":120,"column":48},"skip":true},"31":{"start":{"line":123,"column":8},"end":{"line":136,"column":10},"skip":true},"32":{"start":{"line":130,"column":12},"end":{"line":130,"column":76},"skip":true},"33":{"start":{"line":131,"column":12},"end":{"line":131,"column":73},"skip":true},"34":{"start":{"line":132,"column":12},"end":{"line":132,"column":74},"skip":true},"35":{"start":{"line":133,"column":12},"end":{"line":133,"column":79},"skip":true},"36":{"start":{"line":134,"column":12},"end":{"line":134,"column":25},"skip":true},"37":{"start":{"line":135,"column":12},"end":{"line":135,"column":45},"skip":true},"38":{"start":{"line":138,"column":8},"end":{"line":145,"column":14},"skip":true},"39":{"start":{"line":143,"column":16},"end":{"line":143,"column":29},"skip":true},"40":{"start":{"line":144,"column":16},"end":{"line":144,"column":55},"skip":true},"41":{"start":{"line":147,"column":8},"end":{"line":156,"column":10},"skip":true},"42":{"start":{"line":154,"column":12},"end":{"line":154,"column":25},"skip":true},"43":{"start":{"line":155,"column":12},"end":{"line":155,"column":45},"skip":true},"44":{"start":{"line":158,"column":8},"end":{"line":167,"column":10},"skip":true},"45":{"start":{"line":165,"column":12},"end":{"line":165,"column":25},"skip":true},"46":{"start":{"line":166,"column":12},"end":{"line":166,"column":48},"skip":true},"47":{"start":{"line":169,"column":8},"end":{"line":178,"column":10},"skip":true},"48":{"start":{"line":176,"column":12},"end":{"line":176,"column":25},"skip":true},"49":{"start":{"line":177,"column":12},"end":{"line":177,"column":46},"skip":true},"50":{"start":{"line":180,"column":8},"end":{"line":189,"column":10},"skip":true},"51":{"start":{"line":187,"column":12},"end":{"line":187,"column":94},"skip":true},"52":{"start":{"line":188,"column":12},"end":{"line":188,"column":48},"skip":true},"53":{"start":{"line":192,"column":8},"end":{"line":192,"column":35},"skip":true},"54":{"start":{"line":193,"column":8},"end":{"line":193,"column":14},"skip":true}},"branchMap":{"1":{"line":25,"type":"binary-expr","locations":[{"start":{"line":25,"column":23},"end":{"line":25,"column":62}},{"start":{"line":26,"column":20},"end":{"line":26,"column":70}},{"start":{"line":27,"column":20},"end":{"line":27,"column":71}},{"start":{"line":28,"column":20},"end":{"line":28,"column":29}}]},"2":{"line":30,"type":"binary-expr","locations":[{"start":{"line":30,"column":23},"end":{"line":30,"column":37}},{"start":{"line":31,"column":20},"end":{"line":31,"column":61}},{"start":{"line":32,"column":20},"end":{"line":32,"column":70}},{"start":{"line":33,"column":20},"end":{"line":33,"column":26}}]},"3":{"line":37,"type":"cond-expr","locations":[{"start":{"line":38,"column":14},"end":{"line":38,"column":20}},{"start":{"line":39,"column":14},"end":{"line":39,"column":20}}]},"4":{"line":40,"type":"switch","locations":[{"start":{"line":42,"column":8},"end":{"line":47,"column":18}},{"start":{"line":49,"column":8},"end":{"line":52,"column":18}}]},"5":{"line":44,"type":"binary-expr","locations":[{"start":{"line":44,"column":16},"end":{"line":44,"column":44}},{"start":{"line":44,"column":48},"end":{"line":44,"column":66}}]},"6":{"line":50,"type":"binary-expr","locations":[{"start":{"line":50,"column":21},"end":{"line":50,"column":49}},{"start":{"line":50,"column":53},"end":{"line":50,"column":72}}]},"7":{"line":64,"type":"switch","locations":[{"start":{"line":69,"column":4},"end":{"line":70,"column":14}},{"start":{"line":75,"column":4},"end":{"line":76,"column":14}}]},"8":{"line":85,"type":"switch","locations":[{"start":{"line":90,"column":4},"end":{"line":105,"column":14}},{"start":{"line":111,"column":4},"end":{"line":193,"column":14},"skip":true}]},"9":{"line":91,"type":"binary-expr","locations":[{"start":{"line":91,"column":42},"end":{"line":91,"column":73}},{"start":{"line":91,"column":77},"end":{"line":99,"column":9}}]},"10":{"line":102,"type":"binary-expr","locations":[{"start":{"line":102,"column":18},"end":{"line":102,"column":32}},{"start":{"line":103,"column":12},"end":{"line":103,"column":53}},{"start":{"line":104,"column":12},"end":{"line":104,"column":61}}]},"11":{"line":112,"type":"binary-expr","locations":[{"start":{"line":112,"column":45},"end":{"line":112,"column":79},"skip":true},{"start":{"line":112,"column":83},"end":{"line":121,"column":9},"skip":true}]},"12":{"line":123,"type":"binary-expr","locations":[{"start":{"line":123,"column":42},"end":{"line":123,"column":73},"skip":true},{"start":{"line":123,"column":77},"end":{"line":136,"column":9},"skip":true}]},"13":{"line":138,"type":"binary-expr","locations":[{"start":{"line":138,"column":48},"end":{"line":138,"column":85},"skip":true},{"start":{"line":139,"column":12},"end":{"line":145,"column":13},"skip":true}]},"14":{"line":147,"type":"binary-expr","locations":[{"start":{"line":147,"column":42},"end":{"line":147,"column":73},"skip":true},{"start":{"line":147,"column":77},"end":{"line":156,"column":9},"skip":true}]},"15":{"line":158,"type":"binary-expr","locations":[{"start":{"line":158,"column":45},"end":{"line":158,"column":79},"skip":true},{"start":{"line":158,"column":83},"end":{"line":167,"column":9},"skip":true}]},"16":{"line":169,"type":"binary-expr","locations":[{"start":{"line":169,"column":43},"end":{"line":169,"column":75},"skip":true},{"start":{"line":169,"column":79},"end":{"line":178,"column":9},"skip":true}]},"17":{"line":180,"type":"binary-expr","locations":[{"start":{"line":180,"column":41},"end":{"line":180,"column":71},"skip":true},{"start":{"line":180,"column":75},"end":{"line":189,"column":9},"skip":true}]}},"code":["/* istanbul instrument in package npmtest_angular_mocks */","/*jslint","    bitwise: true,","    browser: true,","    maxerr: 8,","    maxlen: 96,","    node: true,","    nomen: true,","    regexp: true,","    stupid: true","*/","(function () {","    'use strict';","    var local;","","","","    // run shared js-env code - pre-init","    (function () {","        // init local","        local = {};","        // init modeJs","        local.modeJs = (function () {","            try {","                return typeof navigator.userAgent === 'string' &&","                    typeof document.querySelector('body') === 'object' &&","                    typeof XMLHttpRequest.prototype.open === 'function' &&","                    'browser';","            } catch (errorCaughtBrowser) {","                return module.exports &&","                    typeof process.versions.node === 'string' &&","                    typeof require('http').createServer === 'function' &&","                    'node';","            }","        }());","        // init global","        local.global = local.modeJs === 'browser'","            ? window","            : global;","        switch (local.modeJs) {","        // re-init local from window.local","        case 'browser':","            local = local.global.utility2.objectSetDefault(","                local.global.utility2_rollup || local.global.local,","                local.global.utility2","            );","            break;","        // re-init local from example.js","        case 'node':","            local = (local.global.utility2_rollup || require('utility2'))","                .requireExampleJsFromReadme();","            break;","        }","        // export local","        local.global.local = local;","    }());","","","","    // run shared js-env code - function","    (function () {","        return;","    }());","    switch (local.modeJs) {","","","","    // run browser js-env code - function","    case 'browser':","        break;","","","","    // run node js-env code - function","    case 'node':","        break;","    }","","","","    // run shared js-env code - post-init","    (function () {","        return;","    }());","    switch (local.modeJs) {","","","","    // run browser js-env code - post-init","    case 'browser':","        local.testCase_browser_nullCase = local.testCase_browser_nullCase || function (","            options,","            onError","        ) {","        /*","         * this function will test browsers's null-case handling-behavior-behavior","         */","            onError(null, options);","        };","","        // run tests","        local.nop(local.modeTest &&","            document.querySelector('#testRunButton1') &&","            document.querySelector('#testRunButton1').click());","        break;","","","","    // run node js-env code - post-init","    /* istanbul ignore next */","    case 'node':","        local.testCase_buildApidoc_default = local.testCase_buildApidoc_default || function (","            options,","            onError","        ) {","        /*","         * this function will test buildApidoc's default handling-behavior-behavior","         */","            options = { modulePathList: module.paths };","            local.buildApidoc(options, onError);","        };","","        local.testCase_buildApp_default = local.testCase_buildApp_default || function (","            options,","            onError","        ) {","        /*","         * this function will test buildApp's default handling-behavior-behavior","         */","            local.testCase_buildReadme_default(options, local.onErrorThrow);","            local.testCase_buildLib_default(options, local.onErrorThrow);","            local.testCase_buildTest_default(options, local.onErrorThrow);","            local.testCase_buildCustomOrg_default(options, local.onErrorThrow);","            options = [];","            local.buildApp(options, onError);","        };","","        local.testCase_buildCustomOrg_default = local.testCase_buildCustomOrg_default ||","            function (options, onError) {","            /*","             * this function will test buildCustomOrg's default handling-behavior","             */","                options = {};","                local.buildCustomOrg(options, onError);","            };","","        local.testCase_buildLib_default = local.testCase_buildLib_default || function (","            options,","            onError","        ) {","        /*","         * this function will test buildLib's default handling-behavior","         */","            options = {};","            local.buildLib(options, onError);","        };","","        local.testCase_buildReadme_default = local.testCase_buildReadme_default || function (","            options,","            onError","        ) {","        /*","         * this function will test buildReadme's default handling-behavior-behavior","         */","            options = {};","            local.buildReadme(options, onError);","        };","","        local.testCase_buildTest_default = local.testCase_buildTest_default || function (","            options,","            onError","        ) {","        /*","         * this function will test buildTest's default handling-behavior","         */","            options = {};","            local.buildTest(options, onError);","        };","","        local.testCase_webpage_default = local.testCase_webpage_default || function (","            options,","            onError","        ) {","        /*","         * this function will test webpage's default handling-behavior","         */","            options = { modeCoverageMerge: true, url: local.serverLocalHost + '?modeTest=1' };","            local.browserTest(options, onError);","        };","","        // run test-server","        local.testRunServer(local);","        break;","    }","}());",""],"l":{"12":2,"14":2,"19":2,"21":2,"23":2,"24":2,"25":2,"30":1,"37":2,"40":2,"43":1,"47":1,"50":1,"52":1,"55":2,"61":2,"62":2,"64":2,"70":1,"76":1,"82":2,"83":2,"85":2,"91":1,"98":1,"102":1,"105":1,"112":1,"119":1,"120":1,"123":1,"130":1,"131":1,"132":1,"133":1,"134":1,"135":1,"138":1,"143":2,"144":2,"147":1,"154":2,"155":2,"158":1,"165":2,"166":2,"169":1,"176":2,"177":2,"180":1,"187":1,"188":1,"192":1,"193":1}},"/home/travis/build/npmtest/node-npmtest-angular-mocks/lib.npmtest_angular_mocks.js":{"path":"/home/travis/build/npmtest/node-npmtest-angular-mocks/lib.npmtest_angular_mocks.js","s":{"1":2,"2":2,"3":2,"4":2,"5":2,"6":2,"7":2,"8":1,"9":2,"10":2,"11":2,"12":2,"13":1,"14":1,"15":1,"16":1},"b":{"1":[2,1,1,1],"2":[1,1,1,1],"3":[1,1],"4":[2,2],"5":[1,1]},"f":{"1":2,"2":2,"3":2},"fnMap":{"1":{"name":"(anonymous_1)","line":12,"loc":{"start":{"line":12,"column":1},"end":{"line":12,"column":13}}},"2":{"name":"(anonymous_2)","line":19,"loc":{"start":{"line":19,"column":5},"end":{"line":19,"column":17}}},"3":{"name":"(anonymous_3)","line":23,"loc":{"start":{"line":23,"column":24},"end":{"line":23,"column":36}}}},"statementMap":{"1":{"start":{"line":12,"column":0},"end":{"line":53,"column":5}},"2":{"start":{"line":14,"column":4},"end":{"line":14,"column":14}},"3":{"start":{"line":19,"column":4},"end":{"line":52,"column":9}},"4":{"start":{"line":21,"column":8},"end":{"line":21,"column":19}},"5":{"start":{"line":23,"column":8},"end":{"line":35,"column":13}},"6":{"start":{"line":24,"column":12},"end":{"line":34,"column":13}},"7":{"start":{"line":25,"column":16},"end":{"line":28,"column":30}},"8":{"start":{"line":30,"column":16},"end":{"line":33,"column":27}},"9":{"start":{"line":37,"column":8},"end":{"line":39,"column":21}},"10":{"start":{"line":41,"column":8},"end":{"line":41,"column":54}},"11":{"start":{"line":43,"column":8},"end":{"line":43,"column":58}},"12":{"start":{"line":45,"column":8},"end":{"line":51,"column":9}},"13":{"start":{"line":46,"column":12},"end":{"line":46,"column":64}},"14":{"start":{"line":48,"column":12},"end":{"line":48,"column":35}},"15":{"start":{"line":49,"column":12},"end":{"line":49,"column":49}},"16":{"start":{"line":50,"column":12},"end":{"line":50,"column":43}}},"branchMap":{"1":{"line":25,"type":"binary-expr","locations":[{"start":{"line":25,"column":23},"end":{"line":25,"column":62}},{"start":{"line":26,"column":20},"end":{"line":26,"column":70}},{"start":{"line":27,"column":20},"end":{"line":27,"column":71}},{"start":{"line":28,"column":20},"end":{"line":28,"column":29}}]},"2":{"line":30,"type":"binary-expr","locations":[{"start":{"line":30,"column":23},"end":{"line":30,"column":37}},{"start":{"line":31,"column":20},"end":{"line":31,"column":61}},{"start":{"line":32,"column":20},"end":{"line":32,"column":70}},{"start":{"line":33,"column":20},"end":{"line":33,"column":26}}]},"3":{"line":37,"type":"cond-expr","locations":[{"start":{"line":38,"column":14},"end":{"line":38,"column":20}},{"start":{"line":39,"column":14},"end":{"line":39,"column":20}}]},"4":{"line":41,"type":"binary-expr","locations":[{"start":{"line":41,"column":16},"end":{"line":41,"column":44}},{"start":{"line":41,"column":48},"end":{"line":41,"column":53}}]},"5":{"line":45,"type":"if","locations":[{"start":{"line":45,"column":8},"end":{"line":45,"column":8}},{"start":{"line":45,"column":8},"end":{"line":45,"column":8}}]}},"code":["/* istanbul instrument in package npmtest_angular_mocks */","/*jslint","    bitwise: true,","    browser: true,","    maxerr: 8,","    maxlen: 96,","    node: true,","    nomen: true,","    regexp: true,","    stupid: true","*/","(function () {","    'use strict';","    var local;","","","","    // run shared js-env code - pre-init","    (function () {","        // init local","        local = {};","        // init modeJs","        local.modeJs = (function () {","            try {","                return typeof navigator.userAgent === 'string' &&","                    typeof document.querySelector('body') === 'object' &&","                    typeof XMLHttpRequest.prototype.open === 'function' &&","                    'browser';","            } catch (errorCaughtBrowser) {","                return module.exports &&","                    typeof process.versions.node === 'string' &&","                    typeof require('http').createServer === 'function' &&","                    'node';","            }","        }());","        // init global","        local.global = local.modeJs === 'browser'","            ? window","            : global;","        // init utility2_rollup","        local = local.global.utility2_rollup || local;","        // init lib","        local.local = local.npmtest_angular_mocks = local;","        // init exports","        if (local.modeJs === 'browser') {","            local.global.utility2_npmtest_angular_mocks = local;","        } else {","            module.exports = local;","            module.exports.__dirname = __dirname;","            module.exports.module = module;","        }","    }());","}());",""],"l":{"12":2,"14":2,"19":2,"21":2,"23":2,"24":2,"25":2,"30":1,"37":2,"41":2,"43":2,"45":2,"46":1,"48":1,"49":1,"50":1}},"/home/travis/build/npmtest/node-npmtest-angular-mocks/example.js":{"path":"/home/travis/build/npmtest/node-npmtest-angular-mocks/example.js","s":{"1":2,"2":2,"3":2,"4":2,"5":2,"6":2,"7":2,"8":1,"9":2,"10":2,"11":2,"12":2,"13":1,"14":2,"15":2,"16":2,"17":2,"18":2,"19":0,"20":2,"21":1,"22":1,"23":1,"24":1,"25":1,"26":0,"27":0,"28":1,"29":1,"30":2,"31":0,"32":0,"33":0,"34":1,"35":2,"36":2,"37":3,"38":3,"39":3,"40":3,"41":0,"42":3,"43":3,"44":3,"45":1,"46":3,"47":1,"48":1,"49":1,"50":1,"51":1,"52":1,"53":1,"54":1,"55":1,"56":1,"57":0,"58":1,"59":6,"60":6,"61":1,"62":2,"63":0,"64":2,"65":1,"66":1,"67":0,"68":0,"69":0,"70":0,"71":0,"72":0,"73":0,"74":0,"75":0,"76":0,"77":0,"78":0,"79":0,"80":0,"81":0,"82":0,"83":0},"b":{"1":[2,1,1,1],"2":[1,1,1,1],"3":[1,1],"4":[2,2],"5":[1,1],"6":[1,1],"7":[2,0],"8":[2,1,1,1,1,1],"9":[0,2,0],"10":[1,1],"11":[2,1,1],"12":[1,0],"13":[0,2],"14":[2,0,0,0,0,0,0],"15":[0,3],"16":[3,0],"17":[1,1],"18":[0,1],"19":[1,2,0,2],"20":[1,0],"21":[1,1],"22":[0,0],"23":[0,0],"24":[0,0],"25":[0,0],"26":[0,0],"27":[0,0],"28":[0,0]},"f":{"1":2,"2":2,"3":2,"4":2,"5":2,"6":2,"7":3,"8":3,"9":3,"10":1,"11":6,"12":0},"fnMap":{"1":{"name":"(anonymous_1)","line":26,"loc":{"start":{"line":26,"column":1},"end":{"line":26,"column":13}}},"2":{"name":"(anonymous_2)","line":33,"loc":{"start":{"line":33,"column":5},"end":{"line":33,"column":17}}},"3":{"name":"(anonymous_3)","line":37,"loc":{"start":{"line":37,"column":24},"end":{"line":37,"column":36}}},"4":{"name":"(anonymous_4)","line":69,"loc":{"start":{"line":69,"column":31},"end":{"line":69,"column":48}},"skip":true},"5":{"name":"(anonymous_5)","line":78,"loc":{"start":{"line":78,"column":26},"end":{"line":78,"column":45}},"skip":true},"6":{"name":"(anonymous_6)","line":123,"loc":{"start":{"line":123,"column":33},"end":{"line":123,"column":48}},"skip":true},"7":{"name":"(anonymous_7)","line":125,"loc":{"start":{"line":125,"column":27},"end":{"line":125,"column":39}},"skip":true},"8":{"name":"(anonymous_8)","line":133,"loc":{"start":{"line":133,"column":59},"end":{"line":133,"column":74}},"skip":true},"9":{"name":"(anonymous_9)","line":143,"loc":{"start":{"line":143,"column":45},"end":{"line":143,"column":62}},"skip":true},"10":{"name":"(anonymous_10)","line":144,"loc":{"start":{"line":144,"column":73},"end":{"line":144,"column":92}},"skip":true},"11":{"name":"(anonymous_11)","line":272,"loc":{"start":{"line":272,"column":51},"end":{"line":272,"column":77}},"skip":true},"12":{"name":"(anonymous_12)","line":315,"loc":{"start":{"line":315,"column":32},"end":{"line":315,"column":61}},"skip":true}},"statementMap":{"1":{"start":{"line":26,"column":0},"end":{"line":326,"column":5}},"2":{"start":{"line":28,"column":4},"end":{"line":28,"column":14}},"3":{"start":{"line":33,"column":4},"end":{"line":60,"column":9}},"4":{"start":{"line":35,"column":8},"end":{"line":35,"column":19}},"5":{"start":{"line":37,"column":8},"end":{"line":49,"column":13}},"6":{"start":{"line":38,"column":12},"end":{"line":48,"column":13}},"7":{"start":{"line":39,"column":16},"end":{"line":42,"column":30}},"8":{"start":{"line":44,"column":16},"end":{"line":47,"column":27}},"9":{"start":{"line":51,"column":8},"end":{"line":53,"column":21}},"10":{"start":{"line":55,"column":8},"end":{"line":57,"column":45}},"11":{"start":{"line":59,"column":8},"end":{"line":59,"column":35}},"12":{"start":{"line":61,"column":4},"end":{"line":325,"column":5}},"13":{"start":{"line":69,"column":8},"end":{"line":121,"column":10},"skip":true},"14":{"start":{"line":70,"column":12},"end":{"line":88,"column":13},"skip":true},"15":{"start":{"line":76,"column":16},"end":{"line":87,"column":19},"skip":true},"16":{"start":{"line":79,"column":20},"end":{"line":86,"column":21},"skip":true},"17":{"start":{"line":82,"column":24},"end":{"line":82,"column":43},"skip":true},"18":{"start":{"line":83,"column":24},"end":{"line":83,"column":30},"skip":true},"19":{"start":{"line":85,"column":24},"end":{"line":85,"column":49},"skip":true},"20":{"start":{"line":89,"column":12},"end":{"line":107,"column":13},"skip":true},"21":{"start":{"line":92,"column":16},"end":{"line":102,"column":17},"skip":true},"22":{"start":{"line":93,"column":20},"end":{"line":93,"column":86},"skip":true},"23":{"start":{"line":94,"column":20},"end":{"line":95,"column":45},"skip":true},"24":{"start":{"line":96,"column":20},"end":{"line":96,"column":42},"skip":true},"25":{"start":{"line":97,"column":20},"end":{"line":97,"column":48},"skip":true},"26":{"start":{"line":100,"column":20},"end":{"line":100,"column":85},"skip":true},"27":{"start":{"line":101,"column":20},"end":{"line":101,"column":96},"skip":true},"28":{"start":{"line":103,"column":16},"end":{"line":103,"column":22},"skip":true},"29":{"start":{"line":106,"column":16},"end":{"line":106,"column":22},"skip":true},"30":{"start":{"line":108,"column":12},"end":{"line":120,"column":13},"skip":true},"31":{"start":{"line":114,"column":16},"end":{"line":119,"column":17},"skip":true},"32":{"start":{"line":116,"column":20},"end":{"line":116,"column":78},"skip":true},"33":{"start":{"line":118,"column":20},"end":{"line":118,"column":47},"skip":true},"34":{"start":{"line":123,"column":8},"end":{"line":141,"column":11},"skip":true},"35":{"start":{"line":124,"column":12},"end":{"line":124,"column":54},"skip":true},"36":{"start":{"line":125,"column":12},"end":{"line":140,"column":14},"skip":true},"37":{"start":{"line":126,"column":16},"end":{"line":126,"column":28},"skip":true},"38":{"start":{"line":127,"column":16},"end":{"line":127,"column":69},"skip":true},"39":{"start":{"line":128,"column":16},"end":{"line":128,"column":75},"skip":true},"40":{"start":{"line":129,"column":16},"end":{"line":131,"column":17},"skip":true},"41":{"start":{"line":130,"column":20},"end":{"line":130,"column":27},"skip":true},"42":{"start":{"line":133,"column":16},"end":{"line":137,"column":36},"skip":true},"43":{"start":{"line":134,"column":20},"end":{"line":136,"column":55},"skip":true},"44":{"start":{"line":139,"column":16},"end":{"line":139,"column":57},"skip":true},"45":{"start":{"line":143,"column":8},"end":{"line":147,"column":11},"skip":true},"46":{"start":{"line":144,"column":12},"end":{"line":146,"column":15},"skip":true},"47":{"start":{"line":145,"column":16},"end":{"line":145,"column":70},"skip":true},"48":{"start":{"line":149,"column":8},"end":{"line":149,"column":31},"skip":true},"49":{"start":{"line":150,"column":8},"end":{"line":150,"column":14},"skip":true},"50":{"start":{"line":158,"column":8},"end":{"line":158,"column":31},"skip":true},"51":{"start":{"line":160,"column":8},"end":{"line":160,"column":33},"skip":true},"52":{"start":{"line":161,"column":8},"end":{"line":161,"column":37},"skip":true},"53":{"start":{"line":162,"column":8},"end":{"line":162,"column":35},"skip":true},"54":{"start":{"line":164,"column":8},"end":{"line":164,"column":50},"skip":true},"55":{"start":{"line":166,"column":8},"end":{"line":256,"column":2},"skip":true},"56":{"start":{"line":258,"column":8},"end":{"line":286,"column":9},"skip":true},"57":{"start":{"line":259,"column":12},"end":{"line":269,"column":14},"skip":true},"58":{"start":{"line":271,"column":12},"end":{"line":285,"column":19},"skip":true},"59":{"start":{"line":274,"column":20},"end":{"line":274,"column":35},"skip":true},"60":{"start":{"line":275,"column":20},"end":{"line":284,"column":21},"skip":true},"61":{"start":{"line":277,"column":24},"end":{"line":277,"column":64},"skip":true},"62":{"start":{"line":279,"column":24},"end":{"line":279,"column":40},"skip":true},"63":{"start":{"line":281,"column":24},"end":{"line":281,"column":40},"skip":true},"64":{"start":{"line":283,"column":24},"end":{"line":283,"column":39},"skip":true},"65":{"start":{"line":288,"column":8},"end":{"line":290,"column":9},"skip":true},"66":{"start":{"line":289,"column":12},"end":{"line":289,"column":18},"skip":true},"67":{"start":{"line":291,"column":8},"end":{"line":293,"column":54},"skip":true},"68":{"start":{"line":296,"column":8},"end":{"line":301,"column":37},"skip":true},"69":{"start":{"line":303,"column":8},"end":{"line":303,"column":82},"skip":true},"70":{"start":{"line":306,"column":8},"end":{"line":308,"column":9},"skip":true},"71":{"start":{"line":307,"column":12},"end":{"line":307,"column":82},"skip":true},"72":{"start":{"line":310,"column":8},"end":{"line":312,"column":9},"skip":true},"73":{"start":{"line":311,"column":12},"end":{"line":311,"column":18},"skip":true},"74":{"start":{"line":313,"column":8},"end":{"line":313,"column":54},"skip":true},"75":{"start":{"line":314,"column":8},"end":{"line":314,"column":69},"skip":true},"76":{"start":{"line":315,"column":8},"end":{"line":323,"column":36},"skip":true},"77":{"start":{"line":316,"column":12},"end":{"line":316,"column":61},"skip":true},"78":{"start":{"line":317,"column":12},"end":{"line":320,"column":13},"skip":true},"79":{"start":{"line":318,"column":16},"end":{"line":318,"column":75},"skip":true},"80":{"start":{"line":319,"column":16},"end":{"line":319,"column":23},"skip":true},"81":{"start":{"line":321,"column":12},"end":{"line":321,"column":38},"skip":true},"82":{"start":{"line":322,"column":12},"end":{"line":322,"column":27},"skip":true},"83":{"start":{"line":324,"column":8},"end":{"line":324,"column":14},"skip":true}},"branchMap":{"1":{"line":39,"type":"binary-expr","locations":[{"start":{"line":39,"column":23},"end":{"line":39,"column":62}},{"start":{"line":40,"column":20},"end":{"line":40,"column":70}},{"start":{"line":41,"column":20},"end":{"line":41,"column":71}},{"start":{"line":42,"column":20},"end":{"line":42,"column":29}}]},"2":{"line":44,"type":"binary-expr","locations":[{"start":{"line":44,"column":23},"end":{"line":44,"column":37}},{"start":{"line":45,"column":20},"end":{"line":45,"column":61}},{"start":{"line":46,"column":20},"end":{"line":46,"column":70}},{"start":{"line":47,"column":20},"end":{"line":47,"column":26}}]},"3":{"line":51,"type":"cond-expr","locations":[{"start":{"line":52,"column":14},"end":{"line":52,"column":20}},{"start":{"line":53,"column":14},"end":{"line":53,"column":20}}]},"4":{"line":55,"type":"binary-expr","locations":[{"start":{"line":55,"column":16},"end":{"line":55,"column":44}},{"start":{"line":55,"column":49},"end":{"line":57,"column":43}}]},"5":{"line":55,"type":"cond-expr","locations":[{"start":{"line":56,"column":14},"end":{"line":56,"column":57}},{"start":{"line":57,"column":14},"end":{"line":57,"column":43}}]},"6":{"line":61,"type":"switch","locations":[{"start":{"line":68,"column":4},"end":{"line":150,"column":14},"skip":true},{"start":{"line":156,"column":4},"end":{"line":324,"column":14},"skip":true}]},"7":{"line":70,"type":"if","locations":[{"start":{"line":70,"column":12},"end":{"line":70,"column":12},"skip":true},{"start":{"line":70,"column":12},"end":{"line":70,"column":12},"skip":true}]},"8":{"line":70,"type":"binary-expr","locations":[{"start":{"line":70,"column":16},"end":{"line":70,"column":22},"skip":true},{"start":{"line":70,"column":27},"end":{"line":70,"column":32},"skip":true},{"start":{"line":71,"column":20},"end":{"line":71,"column":39},"skip":true},{"start":{"line":72,"column":20},"end":{"line":72,"column":49},"skip":true},{"start":{"line":73,"column":20},"end":{"line":73,"column":58},"skip":true},{"start":{"line":74,"column":20},"end":{"line":74,"column":69},"skip":true}]},"9":{"line":79,"type":"switch","locations":[{"start":{"line":80,"column":20},"end":{"line":80,"column":33},"skip":true},{"start":{"line":81,"column":20},"end":{"line":83,"column":30},"skip":true},{"start":{"line":84,"column":20},"end":{"line":85,"column":49},"skip":true}]},"10":{"line":89,"type":"switch","locations":[{"start":{"line":90,"column":12},"end":{"line":103,"column":22},"skip":true},{"start":{"line":105,"column":12},"end":{"line":106,"column":22},"skip":true}]},"11":{"line":89,"type":"binary-expr","locations":[{"start":{"line":89,"column":20},"end":{"line":89,"column":25},"skip":true},{"start":{"line":89,"column":29},"end":{"line":89,"column":48},"skip":true},{"start":{"line":89,"column":52},"end":{"line":89,"column":74},"skip":true}]},"12":{"line":92,"type":"if","locations":[{"start":{"line":92,"column":16},"end":{"line":92,"column":16},"skip":true},{"start":{"line":92,"column":16},"end":{"line":92,"column":16},"skip":true}]},"13":{"line":108,"type":"if","locations":[{"start":{"line":108,"column":12},"end":{"line":108,"column":12},"skip":true},{"start":{"line":108,"column":12},"end":{"line":108,"column":12},"skip":true}]},"14":{"line":108,"type":"binary-expr","locations":[{"start":{"line":108,"column":16},"end":{"line":108,"column":61},"skip":true},{"start":{"line":108,"column":66},"end":{"line":108,"column":72},"skip":true},{"start":{"line":108,"column":77},"end":{"line":108,"column":82},"skip":true},{"start":{"line":109,"column":20},"end":{"line":109,"column":39},"skip":true},{"start":{"line":110,"column":20},"end":{"line":110,"column":49},"skip":true},{"start":{"line":111,"column":20},"end":{"line":111,"column":58},"skip":true},{"start":{"line":112,"column":20},"end":{"line":112,"column":68},"skip":true}]},"15":{"line":129,"type":"if","locations":[{"start":{"line":129,"column":16},"end":{"line":129,"column":16},"skip":true},{"start":{"line":129,"column":16},"end":{"line":129,"column":16},"skip":true}]},"16":{"line":134,"type":"cond-expr","locations":[{"start":{"line":135,"column":26},"end":{"line":135,"column":29},"skip":true},{"start":{"line":136,"column":26},"end":{"line":136,"column":54},"skip":true}]},"17":{"line":164,"type":"binary-expr","locations":[{"start":{"line":164,"column":27},"end":{"line":164,"column":43},"skip":true},{"start":{"line":164,"column":47},"end":{"line":164,"column":49},"skip":true}]},"18":{"line":258,"type":"if","locations":[{"start":{"line":258,"column":8},"end":{"line":258,"column":8},"skip":true},{"start":{"line":258,"column":8},"end":{"line":258,"column":8},"skip":true}]},"19":{"line":275,"type":"switch","locations":[{"start":{"line":276,"column":20},"end":{"line":277,"column":64},"skip":true},{"start":{"line":278,"column":20},"end":{"line":279,"column":40},"skip":true},{"start":{"line":280,"column":20},"end":{"line":281,"column":40},"skip":true},{"start":{"line":282,"column":20},"end":{"line":283,"column":39},"skip":true}]},"20":{"line":288,"type":"if","locations":[{"start":{"line":288,"column":8},"end":{"line":288,"column":8},"skip":true},{"start":{"line":288,"column":8},"end":{"line":288,"column":8},"skip":true}]},"21":{"line":288,"type":"binary-expr","locations":[{"start":{"line":288,"column":12},"end":{"line":288,"column":40},"skip":true},{"start":{"line":288,"column":44},"end":{"line":288,"column":67},"skip":true}]},"22":{"line":292,"type":"binary-expr","locations":[{"start":{"line":292,"column":12},"end":{"line":292,"column":50},"skip":true},{"start":{"line":293,"column":12},"end":{"line":293,"column":53},"skip":true}]},"23":{"line":297,"type":"binary-expr","locations":[{"start":{"line":297,"column":12},"end":{"line":297,"column":71},"skip":true},{"start":{"line":298,"column":12},"end":{"line":301,"column":36},"skip":true}]},"24":{"line":303,"type":"binary-expr","locations":[{"start":{"line":303,"column":43},"end":{"line":303,"column":75},"skip":true},{"start":{"line":303,"column":79},"end":{"line":303,"column":81},"skip":true}]},"25":{"line":306,"type":"if","locations":[{"start":{"line":306,"column":8},"end":{"line":306,"column":8},"skip":true},{"start":{"line":306,"column":8},"end":{"line":306,"column":8},"skip":true}]},"26":{"line":310,"type":"if","locations":[{"start":{"line":310,"column":8},"end":{"line":310,"column":8},"skip":true},{"start":{"line":310,"column":8},"end":{"line":310,"column":8},"skip":true}]},"27":{"line":313,"type":"binary-expr","locations":[{"start":{"line":313,"column":27},"end":{"line":313,"column":43},"skip":true},{"start":{"line":313,"column":47},"end":{"line":313,"column":53},"skip":true}]},"28":{"line":317,"type":"if","locations":[{"start":{"line":317,"column":12},"end":{"line":317,"column":12},"skip":true},{"start":{"line":317,"column":12},"end":{"line":317,"column":12},"skip":true}]}},"code":["/*","example.js","","quickstart example","","instruction","    1. save this script as example.js","    2. run the shell command:","        $ npm install npmtest-angular-mocks && PORT=8081 node example.js","    3. play with the browser-demo on http://127.0.0.1:8081","*/","","","","/* istanbul instrument in package npmtest_angular_mocks */","/*jslint","    bitwise: true,","    browser: true,","    maxerr: 8,","    maxlen: 96,","    node: true,","    nomen: true,","    regexp: true,","    stupid: true","*/","(function () {","    'use strict';","    var local;","","","","    // run shared js-env code - pre-init","    (function () {","        // init local","        local = {};","        // init modeJs","        local.modeJs = (function () {","            try {","                return typeof navigator.userAgent === 'string' &&","                    typeof document.querySelector('body') === 'object' &&","                    typeof XMLHttpRequest.prototype.open === 'function' &&","                    'browser';","            } catch (errorCaughtBrowser) {","                return module.exports &&","                    typeof process.versions.node === 'string' &&","                    typeof require('http').createServer === 'function' &&","                    'node';","            }","        }());","        // init global","        local.global = local.modeJs === 'browser'","            ? window","            : global;","        // init utility2_rollup","        local = local.global.utility2_rollup || (local.modeJs === 'browser'","            ? local.global.utility2_npmtest_angular_mocks","            : global.utility2_moduleExports);","        // export local","        local.global.local = local;","    }());","    switch (local.modeJs) {","","","","    // post-init","    // run browser js-env code - post-init","    /* istanbul ignore next */","    case 'browser':","        local.testRunBrowser = function (event) {","            if (!event || (event &&","                    event.currentTarget &&","                    event.currentTarget.className &&","                    event.currentTarget.className.includes &&","                    event.currentTarget.className.includes('onreset'))) {","                // reset output","                Array.from(","                    document.querySelectorAll('body > .resettable')","                ).forEach(function (element) {","                    switch (element.tagName) {","                    case 'INPUT':","                    case 'TEXTAREA':","                        element.value = '';","                        break;","                    default:","                        element.textContent = '';","                    }","                });","            }","            switch (event && event.currentTarget && event.currentTarget.id) {","            case 'testRunButton1':","                // show tests","                if (document.querySelector('#testReportDiv1').style.display === 'none') {","                    document.querySelector('#testReportDiv1').style.display = 'block';","                    document.querySelector('#testRunButton1').textContent =","                        'hide internal test';","                    local.modeTest = true;","                    local.testRunDefault(local);","                // hide tests","                } else {","                    document.querySelector('#testReportDiv1').style.display = 'none';","                    document.querySelector('#testRunButton1').textContent = 'run internal test';","                }","                break;","            // custom-case","            default:","                break;","            }","            if (document.querySelector('#inputTextareaEval1') && (!event || (event &&","                    event.currentTarget &&","                    event.currentTarget.className &&","                    event.currentTarget.className.includes &&","                    event.currentTarget.className.includes('oneval')))) {","                // try to eval input-code","                try {","                    /*jslint evil: true*/","                    eval(document.querySelector('#inputTextareaEval1').value);","                } catch (errorCaught) {","                    console.error(errorCaught);","                }","            }","        };","        // log stderr and stdout to #outputTextareaStdout1","        ['error', 'log'].forEach(function (key) {","            console[key + '_original'] = console[key];","            console[key] = function () {","                var element;","                console[key + '_original'].apply(console, arguments);","                element = document.querySelector('#outputTextareaStdout1');","                if (!element) {","                    return;","                }","                // append text to #outputTextareaStdout1","                element.value += Array.from(arguments).map(function (arg) {","                    return typeof arg === 'string'","                        ? arg","                        : JSON.stringify(arg, null, 4);","                }).join(' ') + '\\n';","                // scroll textarea to bottom","                element.scrollTop = element.scrollHeight;","            };","        });","        // init event-handling","        ['change', 'click', 'keyup'].forEach(function (event) {","            Array.from(document.querySelectorAll('.on' + event)).forEach(function (element) {","                element.addEventListener(event, local.testRunBrowser);","            });","        });","        // run tests","        local.testRunBrowser();","        break;","","","","    // run node js-env code - post-init","    /* istanbul ignore next */","    case 'node':","        // export local","        module.exports = local;","        // require modules","        local.fs = require('fs');","        local.http = require('http');","        local.url = require('url');","        // init assets","        local.assetsDict = local.assetsDict || {};","        /* jslint-ignore-begin */","        local.assetsDict['/assets.index.template.html'] = '\\","<!doctype html>\\n\\","<html lang=\"en\">\\n\\","<head>\\n\\","<meta charset=\"UTF-8\">\\n\\","<meta name=\"viewport\" content=\"width=device-width, initial-scale=1\">\\n\\","<title>{{env.npm_package_name}} (v{{env.npm_package_version}})</title>\\n\\","<style>\\n\\","/*csslint\\n\\","    box-sizing: false,\\n\\","    universal-selector: false\\n\\","*/\\n\\","* {\\n\\","    box-sizing: border-box;\\n\\","}\\n\\","body {\\n\\","    background: #dde;\\n\\","    font-family: Arial, Helvetica, sans-serif;\\n\\","    margin: 2rem;\\n\\","}\\n\\","body > * {\\n\\","    margin-bottom: 1rem;\\n\\","}\\n\\",".utility2FooterDiv {\\n\\","    margin-top: 20px;\\n\\","    text-align: center;\\n\\","}\\n\\","</style>\\n\\","<style>\\n\\","/*csslint\\n\\","*/\\n\\","textarea {\\n\\","    font-family: monospace;\\n\\","    height: 10rem;\\n\\","    width: 100%;\\n\\","}\\n\\","textarea[readonly] {\\n\\","    background: #ddd;\\n\\","}\\n\\","</style>\\n\\","</head>\\n\\","<body>\\n\\","<!-- utility2-comment\\n\\","<div id=\"ajaxProgressDiv1\" style=\"background: #d00; height: 2px; left: 0; margin: 0; padding: 0; position: fixed; top: 0; transition: background 0.5s, width 1.5s; width: 25%;\"></div>\\n\\","utility2-comment -->\\n\\","<h1>\\n\\","<!-- utility2-comment\\n\\","    <a\\n\\","        {{#if env.npm_package_homepage}}\\n\\","        href=\"{{env.npm_package_homepage}}\"\\n\\","        {{/if env.npm_package_homepage}}\\n\\","        target=\"_blank\"\\n\\","    >\\n\\","utility2-comment -->\\n\\","        {{env.npm_package_name}} (v{{env.npm_package_version}})\\n\\","<!-- utility2-comment\\n\\","    </a>\\n\\","utility2-comment -->\\n\\","</h1>\\n\\","<h3>{{env.npm_package_description}}</h3>\\n\\","<!-- utility2-comment\\n\\","<h4><a download href=\"assets.app.js\">download standalone app</a></h4>\\n\\","<button class=\"onclick onreset\" id=\"testRunButton1\">run internal test</button><br>\\n\\","<div id=\"testReportDiv1\" style=\"display: none;\"></div>\\n\\","utility2-comment -->\\n\\","\\n\\","\\n\\","\\n\\","<label>stderr and stdout</label>\\n\\","<textarea class=\"resettable\" id=\"outputTextareaStdout1\" readonly></textarea>\\n\\","<!-- utility2-comment\\n\\","{{#if isRollup}}\\n\\","<script src=\"assets.app.js\"></script>\\n\\","{{#unless isRollup}}\\n\\","utility2-comment -->\\n\\","<script src=\"assets.utility2.rollup.js\"></script>\\n\\","<script src=\"jsonp.utility2._stateInit?callback=window.utility2._stateInit\"></script>\\n\\","<script src=\"assets.npmtest_angular_mocks.rollup.js\"></script>\\n\\","<script src=\"assets.example.js\"></script>\\n\\","<script src=\"assets.test.js\"></script>\\n\\","<!-- utility2-comment\\n\\","{{/if isRollup}}\\n\\","utility2-comment -->\\n\\","<div class=\"utility2FooterDiv\">\\n\\","    [ this app was created with\\n\\","    <a href=\"https://github.com/kaizhu256/node-utility2\" target=\"_blank\">utility2</a>\\n\\","    ]\\n\\","</div>\\n\\","</body>\\n\\","</html>\\n\\","';","        /* jslint-ignore-end */","        if (local.templateRender) {","            local.assetsDict['/'] = local.templateRender(","                local.assetsDict['/assets.index.template.html'],","                {","                    env: local.objectSetDefault(local.env, {","                        npm_package_description: 'the greatest app in the world!',","                        npm_package_name: 'my-app',","                        npm_package_nameAlias: 'my_app',","                        npm_package_version: '0.0.1'","                    })","                }","            );","        } else {","            local.assetsDict['/'] = local.assetsDict['/assets.index.template.html']","                .replace((/\\{\\{env\\.(\\w+?)\\}\\}/g), function (match0, match1) {","                    // jslint-hack","                    String(match0);","                    switch (match1) {","                    case 'npm_package_description':","                        return 'the greatest app in the world!';","                    case 'npm_package_name':","                        return 'my-app';","                    case 'npm_package_nameAlias':","                        return 'my_app';","                    case 'npm_package_version':","                        return '0.0.1';","                    }","                });","        }","        // run the cli","        if (local.global.utility2_rollup || module !== require.main) {","            break;","        }","        local.assetsDict['/assets.example.js'] =","            local.assetsDict['/assets.example.js'] ||","            local.fs.readFileSync(__filename, 'utf8');","        // bug-workaround - long $npm_package_buildCustomOrg","        /* jslint-ignore-begin */","        local.assetsDict['/assets.npmtest_angular_mocks.rollup.js'] =","            local.assetsDict['/assets.npmtest_angular_mocks.rollup.js'] ||","            local.fs.readFileSync(","                local.npmtest_angular_mocks.__dirname + '/lib.npmtest_angular_mocks.js',","                'utf8'","            ).replace((/^#!/), '//');","        /* jslint-ignore-end */","        local.assetsDict['/favicon.ico'] = local.assetsDict['/favicon.ico'] || '';","        // if $npm_config_timeout_exit exists,","        // then exit this process after $npm_config_timeout_exit ms","        if (Number(process.env.npm_config_timeout_exit)) {","            setTimeout(process.exit, Number(process.env.npm_config_timeout_exit));","        }","        // start server","        if (local.global.utility2_serverHttp1) {","            break;","        }","        process.env.PORT = process.env.PORT || '8081';","        console.error('server starting on port ' + process.env.PORT);","        local.http.createServer(function (request, response) {","            request.urlParsed = local.url.parse(request.url);","            if (local.assetsDict[request.urlParsed.pathname] !== undefined) {","                response.end(local.assetsDict[request.urlParsed.pathname]);","                return;","            }","            response.statusCode = 404;","            response.end();","        }).listen(process.env.PORT);","        break;","    }","}());",""],"l":{"26":2,"28":2,"33":2,"35":2,"37":2,"38":2,"39":2,"44":1,"51":2,"55":2,"59":2,"61":2,"69":1,"70":2,"76":2,"79":2,"82":2,"83":2,"85":1,"89":2,"92":1,"93":1,"94":1,"96":1,"97":1,"100":1,"101":1,"103":1,"106":1,"108":2,"114":1,"116":1,"118":1,"123":1,"124":2,"125":2,"126":3,"127":3,"128":3,"129":3,"130":1,"133":3,"134":3,"139":3,"143":1,"144":3,"145":1,"149":1,"150":1,"158":1,"160":1,"161":1,"162":1,"164":1,"166":1,"258":1,"259":1,"271":1,"274":6,"275":6,"277":1,"279":2,"281":1,"283":2,"288":1,"289":1,"291":1,"296":1,"303":1,"306":1,"307":1,"310":1,"311":1,"313":1,"314":1,"315":1,"316":1,"317":1,"318":1,"319":1,"321":1,"322":1,"324":1}},"/home/travis/build/npmtest/node-npmtest-angular-mocks/node_modules/angular-mocks/angular-mocks.js":{"path":"/home/travis/build/npmtest/node-npmtest-angular-mocks/node_modules/angular-mocks/angular-mocks.js","s":{"1":8,"2":0,"3":0,"4":0,"5":0,"6":0,"7":0,"8":0,"9":0,"10":0,"11":0,"12":0,"13":0,"14":0,"15":0,"16":0,"17":0,"18":0,"19":0,"20":0,"21":0,"22":0,"23":0,"24":0,"25":0,"26":0,"27":0,"28":0,"29":0,"30":0,"31":0,"32":0,"33":0,"34":0,"35":0,"36":0,"37":0,"38":0,"39":0,"40":0,"41":0,"42":0,"43":0,"44":0,"45":0,"46":0,"47":0,"48":0,"49":0,"50":0,"51":0,"52":0,"53":0,"54":0,"55":0,"56":0,"57":0,"58":0,"59":0,"60":0,"61":0,"62":0,"63":0,"64":0,"65":0,"66":0,"67":0,"68":0,"69":0,"70":0,"71":0,"72":0,"73":0,"74":0,"75":0,"76":0,"77":0,"78":0,"79":0,"80":0,"81":0,"82":0,"83":0,"84":0,"85":0,"86":0,"87":0,"88":0,"89":0,"90":0,"91":0,"92":0,"93":0,"94":0,"95":0,"96":0,"97":0,"98":1,"99":0,"100":0,"101":0,"102":0,"103":0,"104":0,"105":0,"106":0,"107":0,"108":0,"109":0,"110":0,"111":0,"112":0,"113":0,"114":0,"115":0,"116":0,"117":0,"118":0,"119":0,"120":0,"121":0,"122":0,"123":0,"124":0,"125":0,"126":0,"127":0,"128":0,"129":0,"130":0,"131":0,"132":0,"133":0,"134":0,"135":0,"136":0,"137":0,"138":0,"139":0,"140":1,"141":0,"142":0,"143":0,"144":0,"145":0,"146":0,"147":0,"148":0,"149":0,"150":0,"151":0,"152":0,"153":0,"154":0,"155":0,"156":0,"157":0,"158":0,"159":0,"160":0,"161":0,"162":0,"163":0,"164":0,"165":0,"166":0,"167":0,"168":0,"169":0,"170":0,"171":0,"172":0,"173":0,"174":0,"175":0,"176":0,"177":0,"178":0,"179":0,"180":0,"181":1,"182":0,"183":0,"184":0,"185":0,"186":0,"187":0,"188":0,"189":0,"190":0,"191":0,"192":0,"193":1,"194":0,"195":1,"196":0,"197":0,"198":0,"199":0,"200":0,"201":0,"202":0,"203":0,"204":0,"205":0,"206":0,"207":0,"208":0,"209":0,"210":0,"211":0,"212":0,"213":0,"214":0,"215":0,"216":0,"217":0,"218":0,"219":0,"220":0,"221":0,"222":0,"223":0,"224":0,"225":0,"226":0,"227":0,"228":0,"229":0,"230":0,"231":0,"232":0,"233":0,"234":0,"235":0,"236":0,"237":0,"238":0,"239":0,"240":0,"241":0,"242":0,"243":0,"244":0,"245":0,"246":0,"247":0,"248":0,"249":0,"250":0,"251":0,"252":0,"253":0,"254":0,"255":0,"256":0,"257":0,"258":0,"259":0,"260":0,"261":0,"262":0,"263":0,"264":0,"265":1,"266":0,"267":0,"268":0,"269":0,"270":0,"271":0,"272":0,"273":0,"274":0,"275":0,"276":0,"277":0,"278":0,"279":0,"280":0,"281":0,"282":0,"283":0,"284":0,"285":0,"286":0,"287":0,"288":0,"289":0,"290":0,"291":0,"292":0,"293":0,"294":0,"295":0,"296":0,"297":0,"298":0,"299":0,"300":0,"301":0,"302":0,"303":0,"304":0,"305":0,"306":0,"307":0,"308":0,"309":0,"310":0,"311":0,"312":0,"313":0,"314":0,"315":0,"316":0,"317":0,"318":0,"319":0,"320":0,"321":0,"322":0,"323":0,"324":0,"325":0,"326":0,"327":0,"328":0,"329":0,"330":0,"331":1,"332":0,"333":0,"334":0,"335":0,"336":0,"337":0,"338":0,"339":0,"340":0,"341":0,"342":0,"343":0,"344":0,"345":0,"346":0,"347":0,"348":0,"349":0,"350":0,"351":0,"352":1,"353":0,"354":0,"355":0,"356":0,"357":0,"358":0,"359":0,"360":0,"361":0,"362":0,"363":0,"364":0,"365":1,"366":0,"367":1,"368":0,"369":0,"370":0,"371":0,"372":1,"373":0,"374":0,"375":0,"376":1,"377":0,"378":1,"379":0,"380":0,"381":0,"382":0,"383":0,"384":1,"385":0,"386":0,"387":0,"388":1,"389":0,"390":0,"391":0,"392":0,"393":0,"394":0,"395":0,"396":0,"397":0,"398":0,"399":0,"400":0,"401":0,"402":0,"403":0,"404":0,"405":0,"406":0,"407":0,"408":0,"409":0,"410":0,"411":0,"412":0,"413":0,"414":0,"415":0,"416":0,"417":0,"418":0,"419":0,"420":0,"421":0,"422":0,"423":0,"424":0,"425":0,"426":0,"427":0,"428":0,"429":0,"430":0,"431":1,"432":0,"433":0,"434":0,"435":0,"436":0,"437":0,"438":0,"439":0,"440":0,"441":0,"442":0,"443":0,"444":0,"445":0,"446":0,"447":0,"448":0,"449":0,"450":0,"451":0,"452":0,"453":0,"454":0,"455":0,"456":0,"457":0,"458":0,"459":0,"460":0,"461":0,"462":0,"463":0,"464":0,"465":0,"466":0,"467":0,"468":0,"469":0,"470":0,"471":0,"472":0,"473":0,"474":0,"475":0,"476":0,"477":0,"478":0,"479":0,"480":0,"481":0,"482":0,"483":0,"484":1,"485":0,"486":0,"487":0,"488":0,"489":0,"490":0,"491":0,"492":0,"493":0,"494":0,"495":0,"496":0,"497":1,"498":0,"499":0,"500":1,"501":1,"502":0,"503":0,"504":1,"505":0,"506":0,"507":0,"508":0,"509":0,"510":0,"511":0,"512":0,"513":0,"514":0,"515":0,"516":0,"517":0,"518":0,"519":0,"520":0,"521":0,"522":0,"523":0,"524":0,"525":0,"526":0,"527":0,"528":0,"529":0,"530":0,"531":0,"532":0,"533":0,"534":0,"535":0,"536":0,"537":0,"538":0,"539":0,"540":0,"541":0,"542":0,"543":0,"544":0,"545":0,"546":1,"547":0,"548":0,"549":0,"550":0,"551":0,"552":0,"553":0,"554":0,"555":0,"556":0,"557":0,"558":0,"559":1,"560":0,"561":0,"562":0,"563":0,"564":0,"565":0,"566":0,"567":0,"568":0,"569":0,"570":0,"571":0,"572":0,"573":1,"574":0,"575":0,"576":1,"577":0,"578":1,"579":0,"580":0,"581":0,"582":0,"583":0,"584":0,"585":0,"586":0,"587":0,"588":0,"589":0,"590":0,"591":0,"592":0,"593":0,"594":0,"595":0,"596":0,"597":0,"598":0,"599":0,"600":0,"601":0,"602":0,"603":0,"604":0,"605":0,"606":0,"607":0,"608":0,"609":0,"610":0,"611":0,"612":0,"613":0,"614":0,"615":0,"616":0,"617":0,"618":0,"619":0,"620":0,"621":1,"622":0,"623":0,"624":0,"625":0,"626":0,"627":0,"628":0,"629":0,"630":0,"631":0,"632":0,"633":0,"634":0,"635":0,"636":0,"637":0,"638":0,"639":0,"640":0,"641":0,"642":0,"643":0,"644":0,"645":0,"646":0,"647":0,"648":1,"649":0,"650":0,"651":0,"652":0,"653":0,"654":0,"655":0,"656":0,"657":0,"658":0,"659":0,"660":0,"661":0,"662":0,"663":0,"664":0,"665":0,"666":0,"667":0,"668":0,"669":0,"670":0,"671":0,"672":0,"673":0,"674":0,"675":0,"676":0,"677":0,"678":0,"679":0,"680":0,"681":0,"682":0,"683":0,"684":0,"685":0,"686":0,"687":0,"688":0,"689":0,"690":0,"691":1,"692":0,"693":0,"694":0,"695":0,"696":0,"697":0,"698":0,"699":0,"700":0,"701":0,"702":1,"703":0,"704":0,"705":0,"706":0,"707":0,"708":0,"709":0,"710":0,"711":0,"712":0,"713":0,"714":0,"715":0,"716":0,"717":0,"718":0,"719":0,"720":0,"721":0,"722":0,"723":0,"724":0,"725":0,"726":1,"727":0,"728":0,"729":0,"730":0,"731":0,"732":0,"733":0,"734":0,"735":0,"736":0,"737":0,"738":0,"739":0,"740":0,"741":0,"742":0,"743":0,"744":0,"745":0,"746":0,"747":0,"748":0,"749":0,"750":0,"751":0,"752":0,"753":0,"754":0,"755":0,"756":0,"757":0,"758":0,"759":0,"760":0,"761":0,"762":0,"763":0,"764":0,"765":0,"766":0,"767":0,"768":0,"769":0,"770":0,"771":0,"772":0,"773":0,"774":0,"775":0,"776":0,"777":0,"778":0,"779":0,"780":0,"781":0,"782":0,"783":0,"784":0,"785":0,"786":0,"787":0,"788":0,"789":0,"790":0,"791":0,"792":0,"793":0,"794":0,"795":0,"796":0,"797":0,"798":0,"799":0,"800":0,"801":0,"802":0,"803":0,"804":0,"805":0,"806":0,"807":0,"808":0,"809":0,"810":0,"811":0,"812":0,"813":0,"814":0,"815":0,"816":0,"817":0,"818":0,"819":1,"820":0,"821":0,"822":0,"823":0,"824":0,"825":0,"826":0,"827":0,"828":0,"829":0,"830":0,"831":0,"832":0,"833":0,"834":0,"835":0,"836":0,"837":0,"838":0,"839":0,"840":0,"841":0,"842":0,"843":0,"844":0,"845":0,"846":1,"847":0,"848":0,"849":0,"850":0,"851":1,"852":0,"853":0,"854":0,"855":0,"856":0,"857":0,"858":0,"859":0,"860":0,"861":0,"862":0,"863":0,"864":0,"865":0,"866":0,"867":0,"868":0,"869":0,"870":0,"871":0,"872":0,"873":0,"874":0,"875":0,"876":1,"877":0,"878":0,"879":0,"880":0,"881":0,"882":0,"883":0,"884":0,"885":0,"886":0,"887":0,"888":0,"889":0,"890":0,"891":0,"892":0,"893":0,"894":0,"895":0,"896":0,"897":0,"898":0,"899":0,"900":0,"901":0,"902":0,"903":0,"904":0,"905":0,"906":0,"907":0,"908":0,"909":0,"910":0,"911":0,"912":0,"913":0,"914":0,"915":0,"916":0,"917":0,"918":0,"919":0,"920":0,"921":0,"922":0,"923":0,"924":0,"925":0,"926":1,"927":0,"928":0,"929":0,"930":0,"931":0,"932":0,"933":0,"934":0,"935":0,"936":0,"937":0,"938":1,"939":0,"940":0,"941":0,"942":0,"943":0,"944":0,"945":0,"946":1,"947":0,"948":0,"949":0,"950":0,"951":0,"952":0,"953":0,"954":0,"955":0,"956":0,"957":0,"958":0,"959":0,"960":1,"961":0,"962":0,"963":0,"964":0,"965":0,"966":0,"967":0,"968":0,"969":1,"970":0,"971":0,"972":0,"973":1,"974":0,"975":0,"976":0,"977":0},"b":{"1":[0,0],"2":[0,0],"3":[0,0],"4":[0,0],"5":[0,0],"6":[0,0],"7":[0,0],"8":[0,0],"9":[0,0],"10":[0,0],"11":[0,0],"12":[0,0],"13":[0,0,0],"14":[0,0],"15":[0,0],"16":[0,0],"17":[0,0],"18":[0,0],"19":[0,0],"20":[0,0],"21":[0,0],"22":[0,0],"23":[0,0],"24":[0,0],"25":[0,0],"26":[0,0],"27":[0,0],"28":[0,0],"29":[0,0],"30":[0,0],"31":[0,0],"32":[0,0],"33":[0,0],"34":[0,0],"35":[0,0],"36":[0,0],"37":[0,0],"38":[0,0],"39":[0,0],"40":[0,0],"41":[0,0],"42":[0,0],"43":[0,0],"44":[0,0],"45":[0,0],"46":[0,0],"47":[0,0],"48":[0,0],"49":[0,0],"50":[0,0],"51":[0,0],"52":[0,0],"53":[0,0],"54":[0,0],"55":[0,0],"56":[0,0],"57":[0,0],"58":[0,0],"59":[0,0],"60":[0,0],"61":[0,0],"62":[0,0],"63":[0,0],"64":[0,0],"65":[0,0,0],"66":[0,0],"67":[0,0],"68":[0,0],"69":[0,0],"70":[0,0],"71":[0,0],"72":[0,0],"73":[0,0],"74":[0,0],"75":[0,0],"76":[0,0],"77":[0,0],"78":[0,0],"79":[0,0],"80":[0,0],"81":[0,0],"82":[0,0],"83":[0,0],"84":[0,0],"85":[0,0],"86":[0,0],"87":[0,0],"88":[0,0],"89":[0,0],"90":[0,0],"91":[0,0,0],"92":[0,0],"93":[0,0],"94":[0,0],"95":[0,0],"96":[0,0],"97":[0,0],"98":[0,0],"99":[0,0],"100":[0,0],"101":[0,0],"102":[0,0],"103":[0,0],"104":[0,0],"105":[0,0],"106":[0,0],"107":[0,0],"108":[0,0],"109":[0,0],"110":[0,0],"111":[0,0],"112":[0,0],"113":[0,0],"114":[0,0],"115":[0,0],"116":[0,0],"117":[0,0],"118":[0,0],"119":[0,0],"120":[0,0],"121":[0,0],"122":[0,0],"123":[0,0],"124":[0,0],"125":[0,0],"126":[0,0],"127":[0,0],"128":[0,0],"129":[0,0,0,0],"130":[0,0],"131":[0,0],"132":[0,0],"133":[0,0],"134":[0,0],"135":[0,0],"136":[0,0],"137":[0,0],"138":[0,0],"139":[0,0],"140":[0,0],"141":[0,0],"142":[0,0],"143":[0,0],"144":[0,0],"145":[0,0],"146":[0,0],"147":[0,0],"148":[0,0],"149":[0,0],"150":[0,0],"151":[0,0],"152":[0,0,0],"153":[0,0],"154":[0,0],"155":[0,0],"156":[0,0],"157":[0,0],"158":[0,0],"159":[0,0],"160":[0,0],"161":[0,0],"162":[0,0],"163":[0,0],"164":[0,0],"165":[0,0],"166":[0,0],"167":[0,0],"168":[0,0],"169":[0,0],"170":[0,0],"171":[0,0],"172":[0,0],"173":[0,0],"174":[0,0],"175":[0,0],"176":[0,0],"177":[0,0,0],"178":[0,0],"179":[0,0],"180":[0,0],"181":[0,0],"182":[0,0],"183":[0,0,0],"184":[0,0],"185":[0,0],"186":[0,0],"187":[0,0],"188":[0,0],"189":[0,0],"190":[0,0],"191":[0,0],"192":[0,0],"193":[0,0],"194":[0,0],"195":[0,0],"196":[0,0],"197":[0,0],"198":[0,0],"199":[0,0],"200":[0,0],"201":[0,0],"202":[0,0],"203":[0,0],"204":[0,0],"205":[0,0],"206":[0,0],"207":[0,0],"208":[0,0],"209":[0,0],"210":[0,0],"211":[0,0],"212":[0,0],"213":[0,0],"214":[0,0],"215":[0,0],"216":[0,0],"217":[0,0],"218":[0,0],"219":[0,0],"220":[0,0],"221":[0,0],"222":[0,0],"223":[0,0],"224":[0,0],"225":[0,0],"226":[0,0],"227":[0,0],"228":[0,0],"229":[0,0],"230":[0,0],"231":[0,0],"232":[0,0],"233":[0,0,0],"234":[0,0],"235":[0,0],"236":[0,0],"237":[0,0],"238":[0,0],"239":[0,0],"240":[0,0],"241":[0,0],"242":[0,0],"243":[0,0]},"f":{"1":0,"2":0,"3":0,"4":0,"5":0,"6":0,"7":0,"8":0,"9":0,"10":0,"11":0,"12":0,"13":0,"14":0,"15":0,"16":0,"17":0,"18":0,"19":0,"20":0,"21":0,"22":0,"23":0,"24":0,"25":0,"26":0,"27":0,"28":0,"29":0,"30":0,"31":0,"32":0,"33":0,"34":0,"35":0,"36":0,"37":0,"38":0,"39":0,"40":0,"41":0,"42":0,"43":0,"44":0,"45":0,"46":0,"47":0,"48":0,"49":0,"50":0,"51":0,"52":0,"53":0,"54":0,"55":0,"56":0,"57":0,"58":0,"59":0,"60":0,"61":0,"62":0,"63":0,"64":0,"65":0,"66":0,"67":0,"68":0,"69":0,"70":0,"71":0,"72":0,"73":0,"74":0,"75":0,"76":0,"77":0,"78":0,"79":0,"80":0,"81":0,"82":0,"83":0,"84":0,"85":0,"86":0,"87":0,"88":0,"89":0,"90":0,"91":0,"92":0,"93":0,"94":0,"95":0,"96":0,"97":0,"98":0,"99":0,"100":0,"101":0,"102":0,"103":0,"104":0,"105":0,"106":0,"107":0,"108":0,"109":0,"110":0,"111":0,"112":0,"113":0,"114":0,"115":0,"116":0,"117":0,"118":0,"119":0,"120":0,"121":0,"122":0,"123":0,"124":0,"125":0,"126":0,"127":0,"128":0,"129":0,"130":0,"131":0,"132":0,"133":0,"134":0,"135":0,"136":0,"137":0,"138":0,"139":0,"140":0,"141":0,"142":0,"143":0,"144":0,"145":0,"146":0,"147":0,"148":0,"149":0,"150":0,"151":0,"152":0,"153":0,"154":0,"155":0,"156":0,"157":0,"158":0,"159":0,"160":0,"161":0,"162":0,"163":0,"164":0,"165":0,"166":0,"167":0,"168":0,"169":0,"170":0,"171":0,"172":0,"173":0,"174":0,"175":0,"176":0,"177":0,"178":0,"179":0,"180":0,"181":0,"182":0,"183":0,"184":0,"185":0,"186":0,"187":0,"188":0,"189":0,"190":0,"191":0,"192":0,"193":0,"194":0,"195":0,"196":0,"197":0,"198":0,"199":0,"200":0,"201":0,"202":0,"203":0,"204":0,"205":0,"206":0,"207":0,"208":0,"209":0,"210":0,"211":0,"212":0,"213":0,"214":0,"215":0},"fnMap":{"1":{"name":"(anonymous_1)","line":6,"loc":{"start":{"line":6,"column":1},"end":{"line":6,"column":27}}},"2":{"name":"(anonymous_2)","line":33,"loc":{"start":{"line":33,"column":32},"end":{"line":33,"column":43}}},"3":{"name":"(anonymous_3)","line":34,"loc":{"start":{"line":34,"column":14},"end":{"line":34,"column":25}}},"4":{"name":"(anonymous_4)","line":39,"loc":{"start":{"line":39,"column":24},"end":{"line":39,"column":35}}},"5":{"name":"(anonymous_5)","line":51,"loc":{"start":{"line":51,"column":38},"end":{"line":51,"column":49}}},"6":{"name":"(anonymous_6)","line":52,"loc":{"start":{"line":52,"column":38},"end":{"line":52,"column":51}}},"7":{"name":"(anonymous_7)","line":64,"loc":{"start":{"line":64,"column":41},"end":{"line":64,"column":60}}},"8":{"name":"(anonymous_8)","line":74,"loc":{"start":{"line":74,"column":21},"end":{"line":74,"column":40}}},"9":{"name":"(anonymous_9)","line":76,"loc":{"start":{"line":76,"column":6},"end":{"line":76,"column":17}}},"10":{"name":"(anonymous_10)","line":94,"loc":{"start":{"line":94,"column":15},"end":{"line":94,"column":35}}},"11":{"name":"(anonymous_11)","line":99,"loc":{"start":{"line":99,"column":26},"end":{"line":99,"column":41}}},"12":{"name":"(anonymous_12)","line":113,"loc":{"start":{"line":113,"column":22},"end":{"line":113,"column":40}}},"13":{"name":"(anonymous_13)","line":116,"loc":{"start":{"line":116,"column":38},"end":{"line":116,"column":58}}},"14":{"name":"(anonymous_14)","line":137,"loc":{"start":{"line":137,"column":21},"end":{"line":137,"column":37}}},"15":{"name":"(anonymous_15)","line":164,"loc":{"start":{"line":164,"column":18},"end":{"line":164,"column":29}}},"16":{"name":"poll","line":176,"loc":{"start":{"line":176,"column":8},"end":{"line":176,"column":24}}},"17":{"name":"(anonymous_17)","line":177,"loc":{"start":{"line":177,"column":34},"end":{"line":177,"column":51}}},"18":{"name":"(anonymous_18)","line":182,"loc":{"start":{"line":182,"column":7},"end":{"line":182,"column":37}}},"19":{"name":"(anonymous_19)","line":196,"loc":{"start":{"line":196,"column":9},"end":{"line":196,"column":20}}},"20":{"name":"(anonymous_20)","line":245,"loc":{"start":{"line":245,"column":41},"end":{"line":245,"column":52}}},"21":{"name":"(anonymous_21)","line":266,"loc":{"start":{"line":266,"column":14},"end":{"line":266,"column":29}}},"22":{"name":"(anonymous_22)","line":272,"loc":{"start":{"line":272,"column":18},"end":{"line":272,"column":30}}},"23":{"name":"(anonymous_23)","line":289,"loc":{"start":{"line":289,"column":14},"end":{"line":289,"column":25}}},"24":{"name":"(anonymous_24)","line":307,"loc":{"start":{"line":307,"column":28},"end":{"line":307,"column":39}}},"25":{"name":"concat","line":310,"loc":{"start":{"line":310,"column":2},"end":{"line":310,"column":41}}},"26":{"name":"(anonymous_26)","line":314,"loc":{"start":{"line":314,"column":22},"end":{"line":314,"column":37}}},"27":{"name":"(anonymous_27)","line":323,"loc":{"start":{"line":323,"column":14},"end":{"line":323,"column":25}}},"28":{"name":"(anonymous_28)","line":325,"loc":{"start":{"line":325,"column":11},"end":{"line":325,"column":22}}},"29":{"name":"(anonymous_29)","line":326,"loc":{"start":{"line":326,"column":12},"end":{"line":326,"column":23}}},"30":{"name":"(anonymous_30)","line":327,"loc":{"start":{"line":327,"column":12},"end":{"line":327,"column":23}}},"31":{"name":"(anonymous_31)","line":328,"loc":{"start":{"line":328,"column":13},"end":{"line":328,"column":24}}},"32":{"name":"(anonymous_32)","line":329,"loc":{"start":{"line":329,"column":13},"end":{"line":329,"column":24}}},"33":{"name":"(anonymous_33)","line":343,"loc":{"start":{"line":343,"column":17},"end":{"line":343,"column":28}}},"34":{"name":"(anonymous_34)","line":424,"loc":{"start":{"line":424,"column":23},"end":{"line":424,"column":34}}},"35":{"name":"(anonymous_35)","line":426,"loc":{"start":{"line":426,"column":65},"end":{"line":426,"column":84}}},"36":{"name":"(anonymous_36)","line":427,"loc":{"start":{"line":427,"column":45},"end":{"line":427,"column":59}}},"37":{"name":"(anonymous_37)","line":428,"loc":{"start":{"line":428,"column":31},"end":{"line":428,"column":49}}},"38":{"name":"(anonymous_38)","line":468,"loc":{"start":{"line":468,"column":33},"end":{"line":468,"column":44}}},"39":{"name":"(anonymous_39)","line":470,"loc":{"start":{"line":470,"column":7},"end":{"line":470,"column":53}}},"40":{"name":"(anonymous_40)","line":475,"loc":{"start":{"line":475,"column":20},"end":{"line":475,"column":60}}},"41":{"name":"(anonymous_41)","line":484,"loc":{"start":{"line":484,"column":25},"end":{"line":484,"column":36}}},"42":{"name":"(anonymous_42)","line":484,"loc":{"start":{"line":484,"column":60},"end":{"line":484,"column":71}}},"43":{"name":"tick","line":490,"loc":{"start":{"line":490,"column":6},"end":{"line":490,"column":22}}},"44":{"name":"(anonymous_44)","line":497,"loc":{"start":{"line":497,"column":37},"end":{"line":497,"column":57}}},"45":{"name":"(anonymous_45)","line":520,"loc":{"start":{"line":520,"column":21},"end":{"line":520,"column":36}}},"46":{"name":"(anonymous_46)","line":535,"loc":{"start":{"line":535,"column":23},"end":{"line":535,"column":41}}},"47":{"name":"(anonymous_47)","line":539,"loc":{"start":{"line":539,"column":33},"end":{"line":539,"column":53}}},"48":{"name":"(anonymous_48)","line":544,"loc":{"start":{"line":544,"column":60},"end":{"line":544,"column":71}}},"49":{"name":"(anonymous_49)","line":564,"loc":{"start":{"line":564,"column":22},"end":{"line":564,"column":39}}},"50":{"name":"(anonymous_50)","line":570,"loc":{"start":{"line":570,"column":23},"end":{"line":570,"column":38}}},"51":{"name":"jsonStringToDate","line":580,"loc":{"start":{"line":580,"column":0},"end":{"line":580,"column":34}}},"52":{"name":"toInt","line":604,"loc":{"start":{"line":604,"column":0},"end":{"line":604,"column":20}}},"53":{"name":"padNumberInMock","line":608,"loc":{"start":{"line":608,"column":0},"end":{"line":608,"column":44}}},"54":{"name":"(anonymous_54)","line":660,"loc":{"start":{"line":660,"column":22},"end":{"line":660,"column":50}}},"55":{"name":"(anonymous_55)","line":683,"loc":{"start":{"line":683,"column":17},"end":{"line":683,"column":28}}},"56":{"name":"(anonymous_56)","line":687,"loc":{"start":{"line":687,"column":28},"end":{"line":687,"column":39}}},"57":{"name":"(anonymous_57)","line":691,"loc":{"start":{"line":691,"column":21},"end":{"line":691,"column":32}}},"58":{"name":"(anonymous_58)","line":695,"loc":{"start":{"line":695,"column":18},"end":{"line":695,"column":29}}},"59":{"name":"(anonymous_59)","line":699,"loc":{"start":{"line":699,"column":17},"end":{"line":699,"column":28}}},"60":{"name":"(anonymous_60)","line":703,"loc":{"start":{"line":703,"column":18},"end":{"line":703,"column":29}}},"61":{"name":"(anonymous_61)","line":707,"loc":{"start":{"line":707,"column":20},"end":{"line":707,"column":31}}},"62":{"name":"(anonymous_62)","line":711,"loc":{"start":{"line":711,"column":20},"end":{"line":711,"column":31}}},"63":{"name":"(anonymous_63)","line":715,"loc":{"start":{"line":715,"column":25},"end":{"line":715,"column":36}}},"64":{"name":"(anonymous_64)","line":719,"loc":{"start":{"line":719,"column":27},"end":{"line":719,"column":38}}},"65":{"name":"(anonymous_65)","line":723,"loc":{"start":{"line":723,"column":24},"end":{"line":723,"column":35}}},"66":{"name":"(anonymous_66)","line":727,"loc":{"start":{"line":727,"column":21},"end":{"line":727,"column":32}}},"67":{"name":"(anonymous_67)","line":731,"loc":{"start":{"line":731,"column":20},"end":{"line":731,"column":31}}},"68":{"name":"(anonymous_68)","line":735,"loc":{"start":{"line":735,"column":21},"end":{"line":735,"column":32}}},"69":{"name":"(anonymous_69)","line":739,"loc":{"start":{"line":739,"column":23},"end":{"line":739,"column":34}}},"70":{"name":"(anonymous_70)","line":743,"loc":{"start":{"line":743,"column":23},"end":{"line":743,"column":34}}},"71":{"name":"(anonymous_71)","line":747,"loc":{"start":{"line":747,"column":28},"end":{"line":747,"column":39}}},"72":{"name":"(anonymous_72)","line":751,"loc":{"start":{"line":751,"column":16},"end":{"line":751,"column":27}}},"73":{"name":"(anonymous_73)","line":757,"loc":{"start":{"line":757,"column":23},"end":{"line":757,"column":34}}},"74":{"name":"(anonymous_74)","line":776,"loc":{"start":{"line":776,"column":40},"end":{"line":776,"column":61}}},"75":{"name":"(anonymous_75)","line":777,"loc":{"start":{"line":777,"column":23},"end":{"line":777,"column":34}}},"76":{"name":"(anonymous_76)","line":802,"loc":{"start":{"line":802,"column":23},"end":{"line":802,"column":42}}},"77":{"name":"(anonymous_77)","line":804,"loc":{"start":{"line":804,"column":38},"end":{"line":804,"column":49}}},"78":{"name":"reflowFn","line":805,"loc":{"start":{"line":805,"column":6},"end":{"line":805,"column":26}}},"79":{"name":"(anonymous_79)","line":812,"loc":{"start":{"line":812,"column":42},"end":{"line":812,"column":53}}},"80":{"name":"(anonymous_80)","line":814,"loc":{"start":{"line":814,"column":20},"end":{"line":814,"column":31}}},"81":{"name":"(anonymous_81)","line":815,"loc":{"start":{"line":815,"column":15},"end":{"line":815,"column":28}}},"82":{"name":"(anonymous_82)","line":819,"loc":{"start":{"line":819,"column":22},"end":{"line":819,"column":33}}},"83":{"name":"(anonymous_83)","line":832,"loc":{"start":{"line":832,"column":52},"end":{"line":832,"column":72}}},"84":{"name":"(anonymous_84)","line":835,"loc":{"start":{"line":835,"column":33},"end":{"line":835,"column":44}}},"85":{"name":"(anonymous_85)","line":844,"loc":{"start":{"line":844,"column":44},"end":{"line":844,"column":55}}},"86":{"name":"(anonymous_86)","line":845,"loc":{"start":{"line":845,"column":24},"end":{"line":845,"column":41}}},"87":{"name":"(anonymous_87)","line":854,"loc":{"start":{"line":854,"column":52},"end":{"line":854,"column":72}}},"88":{"name":"(anonymous_88)","line":857,"loc":{"start":{"line":857,"column":34},"end":{"line":857,"column":61}}},"89":{"name":"(anonymous_89)","line":863,"loc":{"start":{"line":863,"column":45},"end":{"line":863,"column":56}}},"90":{"name":"(anonymous_90)","line":864,"loc":{"start":{"line":864,"column":24},"end":{"line":864,"column":41}}},"91":{"name":"(anonymous_91)","line":875,"loc":{"start":{"line":875,"column":28},"end":{"line":876,"column":86}}},"92":{"name":"(anonymous_92)","line":883,"loc":{"start":{"line":883,"column":19},"end":{"line":883,"column":22}}},"93":{"name":"(anonymous_93)","line":895,"loc":{"start":{"line":895,"column":23},"end":{"line":895,"column":34}}},"94":{"name":"(anonymous_94)","line":915,"loc":{"start":{"line":915,"column":15},"end":{"line":915,"column":36}}},"95":{"name":"(anonymous_95)","line":941,"loc":{"start":{"line":941,"column":80},"end":{"line":941,"column":97}}},"96":{"name":"(anonymous_96)","line":942,"loc":{"start":{"line":942,"column":26},"end":{"line":942,"column":37}}},"97":{"name":"(anonymous_97)","line":972,"loc":{"start":{"line":972,"column":20},"end":{"line":972,"column":37}}},"98":{"name":"serialize","line":975,"loc":{"start":{"line":975,"column":2},"end":{"line":975,"column":29}}},"99":{"name":"(anonymous_99)","line":981,"loc":{"start":{"line":981,"column":30},"end":{"line":981,"column":48}}},"100":{"name":"(anonymous_100)","line":987,"loc":{"start":{"line":987,"column":30},"end":{"line":987,"column":42}}},"101":{"name":"serializeScope","line":1008,"loc":{"start":{"line":1008,"column":2},"end":{"line":1008,"column":41}}},"102":{"name":"createHttpBackendMock","line":1343,"loc":{"start":{"line":1343,"column":0},"end":{"line":1343,"column":74}}},"103":{"name":"createResponse","line":1353,"loc":{"start":{"line":1353,"column":2},"end":{"line":1353,"column":61}}},"104":{"name":"(anonymous_104)","line":1356,"loc":{"start":{"line":1356,"column":11},"end":{"line":1356,"column":22}}},"105":{"name":"$httpBackend","line":1364,"loc":{"start":{"line":1364,"column":2},"end":{"line":1364,"column":138}}},"106":{"name":"prettyPrint","line":1373,"loc":{"start":{"line":1373,"column":4},"end":{"line":1373,"column":31}}},"107":{"name":"wrapResponse","line":1379,"loc":{"start":{"line":1379,"column":4},"end":{"line":1379,"column":35}}},"108":{"name":"handleResponse","line":1390,"loc":{"start":{"line":1390,"column":6},"end":{"line":1390,"column":32}}},"109":{"name":"handleTimeout","line":1397,"loc":{"start":{"line":1397,"column":6},"end":{"line":1397,"column":31}}},"110":{"name":"(anonymous_110)","line":1475,"loc":{"start":{"line":1475,"column":22},"end":{"line":1475,"column":65}}},"111":{"name":"(anonymous_111)","line":1481,"loc":{"start":{"line":1481,"column":19},"end":{"line":1481,"column":63}}},"112":{"name":"(anonymous_112)","line":1489,"loc":{"start":{"line":1489,"column":26},"end":{"line":1489,"column":37}}},"113":{"name":"(anonymous_113)","line":1606,"loc":{"start":{"line":1606,"column":27},"end":{"line":1606,"column":49}}},"114":{"name":"parseRoute","line":1611,"loc":{"start":{"line":1611,"column":2},"end":{"line":1611,"column":27}}},"115":{"name":"(anonymous_115)","line":1621,"loc":{"start":{"line":1621,"column":38},"end":{"line":1621,"column":70}}},"116":{"name":"(anonymous_116)","line":1670,"loc":{"start":{"line":1670,"column":24},"end":{"line":1670,"column":67}}},"117":{"name":"(anonymous_117)","line":1676,"loc":{"start":{"line":1676,"column":19},"end":{"line":1676,"column":63}}},"118":{"name":"(anonymous_118)","line":1812,"loc":{"start":{"line":1812,"column":29},"end":{"line":1812,"column":51}}},"119":{"name":"(anonymous_119)","line":1835,"loc":{"start":{"line":1835,"column":23},"end":{"line":1835,"column":53}}},"120":{"name":"(anonymous_120)","line":1870,"loc":{"start":{"line":1870,"column":48},"end":{"line":1870,"column":65}}},"121":{"name":"(anonymous_121)","line":1891,"loc":{"start":{"line":1891,"column":44},"end":{"line":1891,"column":61}}},"122":{"name":"(anonymous_122)","line":1907,"loc":{"start":{"line":1907,"column":35},"end":{"line":1907,"column":46}}},"123":{"name":"createShortMethods","line":1917,"loc":{"start":{"line":1917,"column":2},"end":{"line":1917,"column":38}}},"124":{"name":"(anonymous_124)","line":1918,"loc":{"start":{"line":1918,"column":56},"end":{"line":1918,"column":73}}},"125":{"name":"(anonymous_125)","line":1919,"loc":{"start":{"line":1919,"column":37},"end":{"line":1919,"column":66}}},"126":{"name":"(anonymous_126)","line":1929,"loc":{"start":{"line":1929,"column":46},"end":{"line":1929,"column":63}}},"127":{"name":"(anonymous_127)","line":1930,"loc":{"start":{"line":1930,"column":38},"end":{"line":1930,"column":73}}},"128":{"name":"assertArgDefined","line":1942,"loc":{"start":{"line":1942,"column":0},"end":{"line":1942,"column":45}}},"129":{"name":"MockHttpExpectation","line":1949,"loc":{"start":{"line":1949,"column":0},"end":{"line":1949,"column":63}}},"130":{"name":"getUrlParams","line":1951,"loc":{"start":{"line":1951,"column":2},"end":{"line":1951,"column":27}}},"131":{"name":"compareUrl","line":1956,"loc":{"start":{"line":1956,"column":2},"end":{"line":1956,"column":25}}},"132":{"name":"(anonymous_132)","line":1964,"loc":{"start":{"line":1964,"column":15},"end":{"line":1964,"column":36}}},"133":{"name":"(anonymous_133)","line":1972,"loc":{"start":{"line":1972,"column":18},"end":{"line":1972,"column":30}}},"134":{"name":"(anonymous_134)","line":1979,"loc":{"start":{"line":1979,"column":22},"end":{"line":1979,"column":34}}},"135":{"name":"(anonymous_135)","line":1985,"loc":{"start":{"line":1985,"column":19},"end":{"line":1985,"column":31}}},"136":{"name":"(anonymous_136)","line":1996,"loc":{"start":{"line":1996,"column":18},"end":{"line":1996,"column":29}}},"137":{"name":"(anonymous_137)","line":2000,"loc":{"start":{"line":2000,"column":16},"end":{"line":2000,"column":28}}},"138":{"name":"pathParams","line":2003,"loc":{"start":{"line":2003,"column":4},"end":{"line":2003,"column":26}}},"139":{"name":"parseQuery","line":2020,"loc":{"start":{"line":2020,"column":4},"end":{"line":2020,"column":26}}},"140":{"name":"(anonymous_140)","line":2026,"loc":{"start":{"line":2026,"column":43},"end":{"line":2026,"column":62}}},"141":{"name":"tryDecodeURIComponent","line":2044,"loc":{"start":{"line":2044,"column":4},"end":{"line":2044,"column":42}}},"142":{"name":"createMockXhr","line":2054,"loc":{"start":{"line":2054,"column":0},"end":{"line":2054,"column":25}}},"143":{"name":"MockXhr","line":2058,"loc":{"start":{"line":2058,"column":0},"end":{"line":2058,"column":19}}},"144":{"name":"(anonymous_144)","line":2063,"loc":{"start":{"line":2063,"column":14},"end":{"line":2063,"column":43}}},"145":{"name":"(anonymous_145)","line":2071,"loc":{"start":{"line":2071,"column":14},"end":{"line":2071,"column":29}}},"146":{"name":"(anonymous_146)","line":2075,"loc":{"start":{"line":2075,"column":26},"end":{"line":2075,"column":47}}},"147":{"name":"(anonymous_147)","line":2079,"loc":{"start":{"line":2079,"column":27},"end":{"line":2079,"column":42}}},"148":{"name":"(anonymous_148)","line":2090,"loc":{"start":{"line":2090,"column":40},"end":{"line":2090,"column":72}}},"149":{"name":"(anonymous_149)","line":2096,"loc":{"start":{"line":2096,"column":31},"end":{"line":2096,"column":42}}},"150":{"name":"(anonymous_150)","line":2099,"loc":{"start":{"line":2099,"column":40},"end":{"line":2099,"column":61}}},"151":{"name":"(anonymous_151)","line":2111,"loc":{"start":{"line":2111,"column":26},"end":{"line":2111,"column":51}}},"152":{"name":"(anonymous_152)","line":2132,"loc":{"start":{"line":2132,"column":59},"end":{"line":2132,"column":89}}},"153":{"name":"(anonymous_153)","line":2143,"loc":{"start":{
[...]
 (e.sourceId) this.sourceId = e.sourceId;","    if (e.stack && errorForStack)","      this.stack = e.stack + '\\n' + errorForStack.stack;","    if (e.stackArray) this.stackArray = e.stackArray;","  };","  ErrorAddingDeclarationLocationStack.prototype = Error.prototype;","","  window.inject = angular.mock.inject = function() {","    var blockFns = Array.prototype.slice.call(arguments, 0);","    var errorForStack = new Error('Declaration Location');","    // IE10+ and PhanthomJS do not set stack trace information, until the error is thrown","    if (!errorForStack.stack) {","      try {","        throw errorForStack;","      } catch (e) { /* empty */ }","    }","    return wasInjectorCreated() ? WorkFn.call(currentSpec) : WorkFn;","    /////////////////////","    function WorkFn() {","      var modules = currentSpec.$modules || [];","      var strictDi = !!currentSpec.$injectorStrict;","      modules.unshift(['$injector', function($injector) {","        currentSpec.$providerInjector = $injector;","      }]);","      modules.unshift('ngMock');","      modules.unshift('ng');","      var injector = currentSpec.$injector;","      if (!injector) {","        if (strictDi) {","          // If strictDi is enabled, annotate the providerInjector blocks","          angular.forEach(modules, function(moduleFn) {","            if (typeof moduleFn === 'function') {","              angular.injector.$$annotate(moduleFn);","            }","          });","        }","        injector = currentSpec.$injector = angular.injector(modules, strictDi);","        currentSpec.$injectorStrict = strictDi;","      }","      for (var i = 0, ii = blockFns.length; i < ii; i++) {","        if (currentSpec.$injectorStrict) {","          // If the injector is strict / strictDi, and the spec wants to inject using automatic","          // annotation, then annotate the function here.","          injector.annotate(blockFns[i]);","        }","        try {","          injector.invoke(blockFns[i] || angular.noop, this);","        } catch (e) {","          if (e.stack && errorForStack) {","            throw new ErrorAddingDeclarationLocationStack(e, errorForStack);","          }","          throw e;","        } finally {","          errorForStack = null;","        }","      }","    }","  };","","","  angular.mock.inject.strictDi = function(value) {","    value = arguments.length ? !!value : true;","    return wasInjectorCreated() ? workFn() : workFn;","","    function workFn() {","      if (value !== currentSpec.$injectorStrict) {","        if (currentSpec.$injector) {","          throw new Error('Injector already created, can not modify strict annotations');","        } else {","          currentSpec.$injectorStrict = value;","        }","      }","    }","  };","","  function InjectorState() {","    this.shared = false;","    this.sharedError = null;","","    this.cleanupAfterEach = function() {","      return !this.shared || this.sharedError;","    };","  }","})(window.jasmine || window.mocha);","","'use strict';","","(function() {","  /**","   * Triggers a browser event. Attempts to choose the right event if one is","   * not specified.","   *","   * @param {Object} element Either a wrapped jQuery/jqLite node or a DOMElement","   * @param {string} eventType Optional event type","   * @param {Object=} eventData An optional object which contains additional event data (such as x,y","   * coordinates, keys, etc...) that are passed into the event when triggered","   */","  window.browserTrigger = function browserTrigger(element, eventType, eventData) {","    if (element && !element.nodeName) element = element[0];","    if (!element) return;","","    eventData = eventData || {};","    var relatedTarget = eventData.relatedTarget || element;","    var keys = eventData.keys;","    var x = eventData.x;","    var y = eventData.y;","","    var inputType = (element.type) ? element.type.toLowerCase() : null,","        nodeName = element.nodeName.toLowerCase();","    if (!eventType) {","      eventType = {","        'text':            'change',","        'textarea':        'change',","        'hidden':          'change',","        'password':        'change',","        'button':          'click',","        'submit':          'click',","        'reset':           'click',","        'image':           'click',","        'checkbox':        'click',","        'radio':           'click',","        'select-one':      'change',","        'select-multiple': 'change',","        '_default_':       'click'","      }[inputType || '_default_'];","    }","","    if (nodeName === 'option') {","      element.parentNode.value = element.value;","      element = element.parentNode;","      eventType = 'change';","    }","","    keys = keys || [];","    function pressed(key) {","      return keys.indexOf(key) !== -1;","    }","","    var evnt;","    if (/transitionend/.test(eventType)) {","      if (window.WebKitTransitionEvent) {","        evnt = new window.WebKitTransitionEvent(eventType, eventData);","        evnt.initEvent(eventType, false, true);","      } else {","        try {","          evnt = new window.TransitionEvent(eventType, eventData);","        } catch (e) {","          evnt = window.document.createEvent('TransitionEvent');","          evnt.initTransitionEvent(eventType, null, null, null, eventData.elapsedTime || 0);","        }","      }","    } else if (/animationend/.test(eventType)) {","      if (window.WebKitAnimationEvent) {","        evnt = new window.WebKitAnimationEvent(eventType, eventData);","        evnt.initEvent(eventType, false, true);","      } else {","        try {","          evnt = new window.AnimationEvent(eventType, eventData);","        } catch (e) {","          evnt = window.document.createEvent('AnimationEvent');","          evnt.initAnimationEvent(eventType, null, null, null, eventData.elapsedTime || 0);","        }","      }","    } else if (/touch/.test(eventType) && supportsTouchEvents()) {","      evnt = createTouchEvent(element, eventType, x, y);","    } else if (/key/.test(eventType)) {","      evnt = window.document.createEvent('Events');","      evnt.initEvent(eventType, eventData.bubbles, eventData.cancelable);","      evnt.view = window;","      evnt.ctrlKey = pressed('ctrl');","      evnt.altKey = pressed('alt');","      evnt.shiftKey = pressed('shift');","      evnt.metaKey = pressed('meta');","      evnt.keyCode = eventData.keyCode;","      evnt.charCode = eventData.charCode;","      evnt.which = eventData.which;","    } else {","      evnt = window.document.createEvent('MouseEvents');","      x = x || 0;","      y = y || 0;","      evnt.initMouseEvent(eventType, true, true, window, 0, x, y, x, y, pressed('ctrl'),","          pressed('alt'), pressed('shift'), pressed('meta'), 0, relatedTarget);","    }","","    /* we're unable to change the timeStamp value directly so this","     * is only here to allow for testing where the timeStamp value is","     * read */","    evnt.$manualTimeStamp = eventData.timeStamp;","","    if (!evnt) return;","","    var originalPreventDefault = evnt.preventDefault,","        appWindow = element.ownerDocument.defaultView,","        fakeProcessDefault = true,","        finalProcessDefault,","        angular = appWindow.angular || {};","","    // igor: temporary fix for https://bugzilla.mozilla.org/show_bug.cgi?id=684208","    angular['ff-684208-preventDefault'] = false;","    evnt.preventDefault = function() {","      fakeProcessDefault = false;","      return originalPreventDefault.apply(evnt, arguments);","    };","","    if (!eventData.bubbles || supportsEventBubblingInDetachedTree() || isAttachedToDocument(element)) {","      element.dispatchEvent(evnt);","    } else {","      triggerForPath(element, evnt);","    }","","    finalProcessDefault = !(angular['ff-684208-preventDefault'] || !fakeProcessDefault);","","    delete angular['ff-684208-preventDefault'];","","    return finalProcessDefault;","  };","","  function supportsTouchEvents() {","    if ('_cached' in supportsTouchEvents) {","      return supportsTouchEvents._cached;","    }","    if (!window.document.createTouch || !window.document.createTouchList) {","      supportsTouchEvents._cached = false;","      return false;","    }","    try {","      window.document.createEvent('TouchEvent');","    } catch (e) {","      supportsTouchEvents._cached = false;","      return false;","    }","    supportsTouchEvents._cached = true;","    return true;","  }","","  function createTouchEvent(element, eventType, x, y) {","    var evnt = new window.Event(eventType);","    x = x || 0;","    y = y || 0;","","    var touch = window.document.createTouch(window, element, Date.now(), x, y, x, y);","    var touches = window.document.createTouchList(touch);","","    evnt.touches = touches;","","    return evnt;","  }","","  function supportsEventBubblingInDetachedTree() {","    if ('_cached' in supportsEventBubblingInDetachedTree) {","      return supportsEventBubblingInDetachedTree._cached;","    }","    supportsEventBubblingInDetachedTree._cached = false;","    var doc = window.document;","    if (doc) {","      var parent = doc.createElement('div'),","          child = parent.cloneNode();","      parent.appendChild(child);","      parent.addEventListener('e', function() {","        supportsEventBubblingInDetachedTree._cached = true;","      });","      var evnt = window.document.createEvent('Events');","      evnt.initEvent('e', true, true);","      child.dispatchEvent(evnt);","    }","    return supportsEventBubblingInDetachedTree._cached;","  }","","  function triggerForPath(element, evnt) {","    var stop = false;","","    var _stopPropagation = evnt.stopPropagation;","    evnt.stopPropagation = function() {","      stop = true;","      _stopPropagation.apply(evnt, arguments);","    };","    patchEventTargetForBubbling(evnt, element);","    do {","      element.dispatchEvent(evnt);","      // eslint-disable-next-line no-unmodified-loop-condition","    } while (!stop && (element = element.parentNode));","  }","","  function patchEventTargetForBubbling(event, target) {","    event._target = target;","    Object.defineProperty(event, 'target', {get: function() { return this._target;}});","  }","","  function isAttachedToDocument(element) {","    while ((element = element.parentNode)) {","        if (element === window) {","            return true;","        }","    }","    return false;","  }","})();","","","})(window, window.angular);",""],"l":{"6":8,"18":0,"33":0,"34":0,"35":0,"39":0,"40":0,"42":0,"43":0,"44":0,"45":0,"49":0,"50":0,"51":0,"52":0,"53":0,"54":0,"56":0,"57":0,"58":0,"59":0,"64":0,"65":0,"66":0,"68":0,"74":0,"75":0,"77":0,"78":0,"79":0,"80":0,"85":0,"88":0,"89":0,"91":0,"92":0,"94":0,"97":0,"98":0,"99":0,"100":0,"110":0,"113":0,"114":0,"116":0,"117":0,"120":0,"121":0,"122":0,"125":0,"137":0,"138":0,"140":0,"142":0,"144":0,"146":0,"149":0,"153":0,"155":0,"156":0,"160":0,"163":0,"164":0,"165":0,"168":0,"177":0,"178":0,"183":0,"184":0,"186":0,"187":0,"189":0,"190":0,"193":0,"197":0,"245":0,"246":0,"266":0,"268":0,"271":0,"272":0,"273":0,"274":0,"276":0,"278":0,"279":0,"282":0,"283":0,"285":0,"289":0,"290":0,"293":0,"307":0,"308":0,"310":1,"311":0,"314":0,"315":0,"316":0,"317":0,"319":0,"323":0,"324":0,"325":0,"326":0,"327":0,"328":0,"330":0,"331":0,"343":0,"357":0,"371":0,"385":0,"399":0,"413":0,"424":0,"425":0,"426":0,"427":0,"428":0,"429":0,"434":0,"435":0,"437":0,"438":0,"442":0,"443":0,"468":0,"469":0,"471":0,"475":0,"476":0,"483":0,"484":0,"485":0,"488":0,"490":1,"491":0,"493":0,"494":0,"495":0,"497":0,"498":0,"501":0,"502":0,"506":0,"507":0,"509":0,"513":0,"520":0,"522":0,"523":0,"535":0,"536":0,"537":0,"539":0,"540":0,"543":0,"544":0,"545":0,"546":0,"547":0,"550":0,"564":0,"565":0,"566":0,"567":0,"568":0,"569":0,"570":0,"572":0,"575":0,"580":1,"583":0,"585":0,"586":0,"587":0,"590":0,"591":0,"592":0,"594":0,"595":0,"599":0,"601":0,"604":1,"605":0,"608":1,"609":0,"610":0,"611":0,"612":0,"614":0,"615":0,"616":0,"617":0,"619":0,"660":0,"661":0,"662":0,"663":0,"665":0,"667":0,"668":0,"670":0,"676":0,"679":0,"680":0,"681":0,"683":0,"684":0,"687":0,"688":0,"691":0,"692":0,"695":0,"696":0,"699":0,"700":0,"703":0,"704":0,"707":0,"708":0,"711":0,"712":0,"715":0,"716":0,"719":0,"720":0,"723":0,"724":0,"727":0,"728":0,"731":0,"732":0,"735":0,"736":0,"739":0,"740":0,"743":0,"744":0,"747":0,"748":0,"751":0,"752":0,"756":0,"757":0,"758":0,"769":0,"776":0,"777":0,"778":0,"782":0,"786":0,"799":0,"804":0,"805":1,"806":0,"808":0,"809":0,"812":0,"813":0,"814":0,"815":0,"816":0,"819":0,"820":0,"822":0,"823":0,"825":0,"827":0,"829":0,"832":0,"833":0,"835":0,"836":0,"838":0,"839":0,"841":0,"844":0,"845":0,"846":0,"848":0,"851":0,"854":0,"855":0,"857":0,"858":0,"859":0,"860":0,"863":0,"864":0,"865":0,"867":0,"870":0,"873":0,"877":0,"884":0,"901":0,"902":0,"903":0,"904":0,"916":0,"918":0,"919":0,"920":0,"922":0,"923":0,"924":0,"927":0,"928":0,"932":0,"933":0,"936":0,"940":0,"942":0,"943":0,"949":0,"953":0,"972":0,"973":0,"975":1,"976":0,"978":0,"979":0,"980":0,"981":0,"982":0,"984":0,"985":0,"986":0,"987":0,"988":0,"990":0,"991":0,"992":0,"993":0,"994":0,"995":0,"999":0,"1002":0,"1005":0,"1008":1,"1009":0,"1010":0,"1011":0,"1012":0,"1013":0,"1016":0,"1017":0,"1018":0,"1019":0,"1021":0,"1022":0,"1326":0,"1343":1,"1344":0,"1353":1,"1354":0,"1356":0,"1357":0,"1364":1,"1366":0,"1370":0,"1371":0,"1373":1,"1374":0,"1379":1,"1380":0,"1381":0,"1382":0,"1384":0,"1388":0,"1390":1,"1391":0,"1392":0,"1393":0,"1397":1,"1398":0,"1399":0,"1400":0,"1401":0,"1402":0,"1408":0,"1409":0,"1410":0,"1414":0,"1415":0,"1420":0,"1422":0,"1423":0,"1424":0,"1426":0,"1429":0,"1430":0,"1431":0,"1432":0,"1434":0,"1435":0,"1436":0,"1437":0,"1438":0,"1441":0,"1475":0,"1477":0,"1479":0,"1482":0,"1483":0,"1484":0,"1488":0,"1489":0,"1490":0,"1491":0,"1492":0,"1496":0,"1497":0,"1592":0,"1606":0,"1607":0,"1608":0,"1611":1,"1612":0,"1617":0,"1619":0,"1622":0,"1623":0,"1624":0,"1625":0,"1626":0,"1637":0,"1638":0,"1670":0,"1672":0,"1674":0,"1677":0,"1678":0,"1682":0,"1683":0,"1798":0,"1812":0,"1813":0,"1814":0,"1835":0,"1836":0,"1838":0,"1839":0,"1841":0,"1842":0,"1843":0,"1844":0,"1845":0,"1848":0,"1849":0,"1852":0,"1870":0,"1871":0,"1872":0,"1873":0,"1891":0,"1892":0,"1893":0,"1894":0,"1907":0,"1908":0,"1909":0,"1912":0,"1914":0,"1917":1,"1918":0,"1919":0,"1920":0,"1923":0,"1925":0,"1929":0,"1930":0,"1931":0,"1934":0,"1936":0,"1942":1,"1943":0,"1944":0,"1949":1,"1951":1,"1952":0,"1953":0,"1956":1,"1957":0,"1961":0,"1962":0,"1964":0,"1965":0,"1966":0,"1967":0,"1968":0,"1969":0,"1972":0,"1973":0,"1974":0,"1975":0,"1976":0,"1979":0,"1980":0,"1981":0,"1982":0,"1985":0,"1986":0,"1987":0,"1988":0,"1989":0,"1990":0,"1993":0,"1996":0,"1997":0,"2000":0,"2001":0,"2003":1,"2004":0,"2005":0,"2007":0,"2008":0,"2009":0,"2010":0,"2011":0,"2012":0,"2013":0,"2017":0,"2020":1,"2021":0,"2026":0,"2027":0,"2028":0,"2029":0,"2030":0,"2031":0,"2032":0,"2033":0,"2034":0,"2035":0,"2037":0,"2042":0,"2044":1,"2045":0,"2046":0,"2054":1,"2055":0,"2058":1,"2061":0,"2063":0,"2064":0,"2065":0,"2066":0,"2067":0,"2068":0,"2071":0,"2072":0,"2075":0,"2076":0,"2079":0,"2082":0,"2083":0,"2085":0,"2086":0,"2087":0,"2089":0,"2090":0,"2091":0,"2093":0,"2096":0,"2097":0,"2099":0,"2100":0,"2102":0,"2105":0,"2110":0,"2111":0,"2112":0,"2113":0,"2116":0,"2132":0,"2143":0,"2144":0,"2154":0,"2155":0,"2156":0,"2161":1,"2162":0,"2163":0,"2164":0,"2167":0,"2170":0,"2173":0,"2174":0,"2175":0,"2176":0,"2177":0,"2178":0,"2182":0,"2183":0,"2185":0,"2186":0,"2187":0,"2190":0,"2191":0,"2192":0,"2195":0,"2198":0,"2204":0,"2205":0,"2206":0,"2207":0,"2208":0,"2281":1,"2282":0,"2283":0,"2284":0,"2285":0,"2287":0,"2288":0,"2289":0,"2292":0,"2293":0,"2294":0,"2297":0,"2299":0,"2303":0,"2332":0,"2334":0,"2335":0,"2337":0,"2339":0,"2341":0,"2344":0,"2345":0,"2347":0,"2348":0,"2351":0,"2353":0,"2354":0,"2355":0,"2406":0,"2414":0,"2415":0,"2416":0,"2417":0,"2418":0,"2432":0,"2433":0,"2721":0,"2722":0,"2737":0,"2739":0,"2741":0,"2742":0,"2744":0,"2760":1,"2761":0,"2762":0,"2763":0,"2765":0,"2766":0,"2768":0,"2769":0,"2770":0,"2771":0,"2775":0,"2792":1,"2793":0,"2794":0,"2795":0,"2797":0,"2798":0,"2800":0,"2801":0,"2802":0,"2803":0,"2807":0,"2812":0,"2814":0,"2815":0,"2818":0,"2822":0,"2825":0,"2826":0,"2827":0,"2828":0,"2830":0,"2853":0,"2854":0,"2855":0,"2857":1,"2858":0,"2859":0,"2861":0,"2862":0,"2863":0,"2864":0,"2865":0,"2866":0,"2870":0,"2872":0,"2873":0,"2875":0,"2882":0,"2883":0,"2886":0,"2887":0,"2888":0,"2943":0,"2944":0,"2945":0,"2948":0,"2950":0,"2951":0,"2952":0,"2953":0,"2955":0,"2956":0,"2957":0,"2960":0,"2961":0,"2962":0,"2963":0,"2965":0,"2970":0,"2971":0,"2972":0,"2973":0,"2974":0,"2975":0,"2976":0,"2979":0,"2980":0,"2981":0,"2985":0,"2986":0,"2987":0,"2991":0,"2992":0,"2994":0,"2995":0,"2998":0,"2999":0,"3000":0,"3001":0,"3003":0,"3005":0,"3006":0,"3007":0,"3008":0,"3009":0,"3011":0,"3015":0,"3016":0,"3020":0,"3021":0,"3024":0,"3026":0,"3027":0,"3029":0,"3032":0,"3033":0,"3123":0,"3124":0,"3125":0,"3126":0,"3127":0,"3128":0,"3129":0,"3130":0,"3132":0,"3134":0,"3135":0,"3136":0,"3138":0,"3139":0,"3140":0,"3143":0,"3145":1,"3146":0,"3147":0,"3148":0,"3149":0,"3151":0,"3152":0,"3153":0,"3154":0,"3155":0,"3157":0,"3158":0,"3159":0,"3163":0,"3164":0,"3166":0,"3167":0,"3170":0,"3172":0,"3173":0,"3175":0,"3176":0,"3178":0,"3180":0,"3187":0,"3188":0,"3189":0,"3191":1,"3192":0,"3193":0,"3194":0,"3196":0,"3202":1,"3203":0,"3204":0,"3206":0,"3207":0,"3212":0,"3214":0,"3224":0,"3225":0,"3226":0,"3228":0,"3229":0,"3230":0,"3231":0,"3232":0,"3234":0,"3236":0,"3237":0,"3254":0,"3255":0,"3256":0,"3257":0,"3260":0,"3261":1,"3262":0,"3265":0,"3266":0,"3267":0,"3268":0,"3269":0,"3271":0,"3272":0,"3274":0,"3275":0,"3278":0,"3279":0,"3280":0,"3281":0,"3283":0,"3284":0,"3286":0,"3287":0,"3290":0,"3291":0,"3292":0,"3293":0,"3294":0,"3295":0,"3296":0,"3297":0,"3298":0,"3299":0,"3300":0,"3301":0,"3302":0,"3304":0,"3305":0,"3306":0,"3307":0,"3314":0,"3316":0,"3318":0,"3325":0,"3326":0,"3327":0,"3328":0,"3331":0,"3332":0,"3334":0,"3337":0,"3339":0,"3341":0,"3344":1,"3345":0,"3346":0,"3348":0,"3349":0,"3350":0,"3352":0,"3353":0,"3355":0,"3356":0,"3358":0,"3359":0,"3362":1,"3363":0,"3364":0,"3365":0,"3367":0,"3368":0,"3370":0,"3372":0,"3375":1,"3376":0,"3377":0,"3379":0,"3380":0,"3381":0,"3382":0,"3384":0,"3385":0,"3386":0,"3388":0,"3389":0,"3390":0,"3392":0,"3395":1,"3396":0,"3398":0,"3399":0,"3400":0,"3401":0,"3403":0,"3404":0,"3405":0,"3410":1,"3411":0,"3412":0,"3415":1,"3416":0,"3417":0,"3418":0,"3421":0}},"/home/travis/build/npmtest/node-npmtest-angular-mocks/node_modules/angular-mocks/ngAnimateMock.js":{"path":"/home/travis/build/npmtest/node-npmtest-angular-mocks/node_modules/angular-mocks/ngAnimateMock.js","s":{"1":2,"2":0},"b":{},"f":{},"fnMap":{},"statementMap":{"1":{"start":{"line":1,"column":0},"end":{"line":1,"column":27}},"2":{"start":{"line":2,"column":0},"end":{"line":2,"column":33}}},"branchMap":{},"code":["require('./angular-mocks');","module.exports = 'ngAnimateMock';",""],"l":{"1":2,"2":0}},"/home/travis/build/npmtest/node-npmtest-angular-mocks/node_modules/angular-mocks/ngMock.js":{"path":"/home/travis/build/npmtest/node-npmtest-angular-mocks/node_modules/angular-mocks/ngMock.js","s":{"1":2,"2":0},"b":{},"f":{},"fnMap":{},"statementMap":{"1":{"start":{"line":1,"column":0},"end":{"line":1,"column":27}},"2":{"start":{"line":2,"column":0},"end":{"line":2,"column":26}}},"branchMap":{},"code":["require('./angular-mocks');","module.exports = 'ngMock';",""],"l":{"1":2,"2":0}},"/home/travis/build/npmtest/node-npmtest-angular-mocks/node_modules/angular-mocks/ngMockE2E.js":{"path":"/home/travis/build/npmtest/node-npmtest-angular-mocks/node_modules/angular-mocks/ngMockE2E.js","s":{"1":2,"2":0},"b":{},"f":{},"fnMap":{},"statementMap":{"1":{"start":{"line":1,"column":0},"end":{"line":1,"column":27}},"2":{"start":{"line":2,"column":0},"end":{"line":2,"column":29}}},"branchMap":{},"code":["require('./angular-mocks');","module.exports = 'ngMockE2E';",""],"l":{"1":2,"2":0}}}